The target system is: Linux -  - armv5l
The host system is: Linux - 6.8.0-40-generic - x86_64
Compiling the C compiler identification source file "CMakeCCompilerId.c" succeeded.
Compiler: /home/lucion/work/plugins/easecpm_ota/../tools/armv5l/arm-linux-gnueabi-gcc 
Build flags: 
Id flags:  

The output was:
0


Compilation of the C compiler identification source "CMakeCCompilerId.c" produced "a.out"

The C compiler identification is GNU, found in "/home/lucion/work/plugins/easecpm_ota/build/CMakeFiles/3.22.1/CompilerIdC/a.out"

Compiling the CXX compiler identification source file "CMakeCXXCompilerId.cpp" succeeded.
Compiler: /home/lucion/work/plugins/easecpm_ota/../tools/armv5l/arm-linux-gnueabi-g++ 
Build flags: 
Id flags:  

The output was:
0


Compilation of the CXX compiler identification source "CMakeCXXCompilerId.cpp" produced "a.out"

The CXX compiler identification is GNU, found in "/home/lucion/work/plugins/easecpm_ota/build/CMakeFiles/3.22.1/CompilerIdCXX/a.out"

Detecting C compiler ABI info compiled with the following output:
Change Dir: /home/lucion/work/plugins/easecpm_ota/build/CMakeFiles/CMakeTmp

Run Build Command(s):/usr/bin/gmake -f Makefile cmTC_9b1ae/fast && /usr/bin/gmake  -f CMakeFiles/cmTC_9b1ae.dir/build.make CMakeFiles/cmTC_9b1ae.dir/build
gmake[1]: Entering directory '/home/lucion/work/plugins/easecpm_ota/build/CMakeFiles/CMakeTmp'
/usr/bin/cmake: /usr/local/lib/libcurl.so.4: no version information available (required by /usr/bin/cmake)
Building C object CMakeFiles/cmTC_9b1ae.dir/CMakeCCompilerABI.c.o
/home/lucion/work/plugins/easecpm_ota/../tools/armv5l/arm-linux-gnueabi-gcc   -v -o CMakeFiles/cmTC_9b1ae.dir/CMakeCCompilerABI.c.o -c /usr/share/cmake-3.22/Modules/CMakeCCompilerABI.c
Using built-in specs.
COLLECT_GCC=/home/lucion/work/plugins/easecpm_ota/../tools/armv5l/arm-linux-gnueabi-gcc
Target: arm-linux-gnueabi
Configured with: /home/tcwg-buildslave/workspace/tcwg-make-release/label/docker-trusty-amd64-tcwg-build/target/arm-linux-gnueabi/snapshots/gcc-linaro-4.9-2017.01/configure SHELL=/bin/bash --with-mpc=/home/tcwg-buildslave/workspace/tcwg-make-release/label/docker-trusty-amd64-tcwg-build/target/arm-linux-gnueabi/_build/builds/destdir/x86_64-unknown-linux-gnu --with-mpfr=/home/tcwg-buildslave/workspace/tcwg-make-release/label/docker-trusty-amd64-tcwg-build/target/arm-linux-gnueabi/_build/builds/destdir/x86_64-unknown-linux-gnu --with-gmp=/home/tcwg-buildslave/workspace/tcwg-make-release/label/docker-trusty-amd64-tcwg-build/target/arm-linux-gnueabi/_build/builds/destdir/x86_64-unknown-linux-gnu --with-gnu-as --with-gnu-ld --disable-libmudflap --enable-lto --enable-objc-gc --enable-shared --without-included-gettext --enable-nls --disable-sjlj-exceptions --enable-gnu-unique-object --enable-linker-build-id --disable-libstdcxx-pch --enable-c99 --enable-clocale=gnu --enable-libstdcxx-debug --enable-long-long --with-cloog=no --with-ppl=no --with-isl=no --disable-multilib --with-float=soft --with-mode=thumb --with-tune=cortex-a9 --with-arch=armv7-a --with-fpu=vfpv3-d16 --enable-threads=posix --enable-multiarch --enable-libstdcxx-time=yes --with-build-sysroot=/home/tcwg-buildslave/workspace/tcwg-make-release/label/docker-trusty-amd64-tcwg-build/target/arm-linux-gnueabi/_build/sysroots/arm-linux-gnueabi --with-sysroot=/home/tcwg-buildslave/workspace/tcwg-make-release/label/docker-trusty-amd64-tcwg-build/target/arm-linux-gnueabi/_build/builds/destdir/x86_64-unknown-linux-gnu/arm-linux-gnueabi/libc --enable-checking=release --disable-bootstrap --enable-languages=c,c++,fortran,lto --build=x86_64-unknown-linux-gnu --host=x86_64-unknown-linux-gnu --target=arm-linux-gnueabi --prefix=/home/tcwg-buildslave/workspace/tcwg-make-release/label/docker-trusty-amd64-tcwg-build/target/arm-linux-gnueabi/_build/builds/destdir/x86_64-unknown-linux-gnu
Thread model: posix
gcc version 4.9.4 (Linaro GCC 4.9-2017.01) 
COLLECT_GCC_OPTIONS='-v' '-o' 'CMakeFiles/cmTC_9b1ae.dir/CMakeCCompilerABI.c.o' '-c' '-march=armv7-a' '-mtune=cortex-a9' '-mfloat-abi=soft' '-mfpu=vfpv3-d16' '-mthumb' '-mtls-dialect=gnu'
 /home/lucion/work/arm/tool_chain/gcc-linaro-4.9.4-2017.01-x86_64_arm-linux-gnueabi/bin/../libexec/gcc/arm-linux-gnueabi/4.9.4/cc1 -quiet -v -imultilib . -imultiarch arm-linux-gnueabi -iprefix /home/lucion/work/arm/tool_chain/gcc-linaro-4.9.4-2017.01-x86_64_arm-linux-gnueabi/bin/../lib/gcc/arm-linux-gnueabi/4.9.4/ -isysroot /home/lucion/work/arm/tool_chain/gcc-linaro-4.9.4-2017.01-x86_64_arm-linux-gnueabi/bin/../arm-linux-gnueabi/libc /usr/share/cmake-3.22/Modules/CMakeCCompilerABI.c -quiet -dumpbase CMakeCCompilerABI.c -march=armv7-a -mtune=cortex-a9 -mfloat-abi=soft -mfpu=vfpv3-d16 -mthumb -mtls-dialect=gnu -auxbase-strip CMakeFiles/cmTC_9b1ae.dir/CMakeCCompilerABI.c.o -version -o /tmp/ccT8t92y.s
GNU C (Linaro GCC 4.9-2017.01) version 4.9.4 (arm-linux-gnueabi)
	compiled by GNU C version 4.8.4, GMP version 6.0.0, MPFR version 3.1.3, MPC version 1.0.3
GGC heuristics: --param ggc-min-expand=100 --param ggc-min-heapsize=131072
ignoring duplicate directory "/home/lucion/work/arm/tool_chain/gcc-linaro-4.9.4-2017.01-x86_64_arm-linux-gnueabi/bin/../lib/gcc/../../lib/gcc/arm-linux-gnueabi/4.9.4/include"
ignoring nonexistent directory "/home/lucion/work/arm/tool_chain/gcc-linaro-4.9.4-2017.01-x86_64_arm-linux-gnueabi/bin/../arm-linux-gnueabi/libc/usr/local/include/arm-linux-gnueabi"
ignoring duplicate directory "/home/lucion/work/arm/tool_chain/gcc-linaro-4.9.4-2017.01-x86_64_arm-linux-gnueabi/bin/../lib/gcc/../../lib/gcc/arm-linux-gnueabi/4.9.4/include-fixed"
ignoring duplicate directory "/home/lucion/work/arm/tool_chain/gcc-linaro-4.9.4-2017.01-x86_64_arm-linux-gnueabi/bin/../lib/gcc/../../lib/gcc/arm-linux-gnueabi/4.9.4/../../../../arm-linux-gnueabi/include"
ignoring nonexistent directory "/home/lucion/work/arm/tool_chain/gcc-linaro-4.9.4-2017.01-x86_64_arm-linux-gnueabi/bin/../arm-linux-gnueabi/libc/usr/include/arm-linux-gnueabi"
#include "..." search starts here:
#include <...> search starts here:
 /home/lucion/work/arm/tool_chain/gcc-linaro-4.9.4-2017.01-x86_64_arm-linux-gnueabi/bin/../lib/gcc/arm-linux-gnueabi/4.9.4/include
 /home/lucion/work/arm/tool_chain/gcc-linaro-4.9.4-2017.01-x86_64_arm-linux-gnueabi/bin/../lib/gcc/arm-linux-gnueabi/4.9.4/include-fixed
 /home/lucion/work/arm/tool_chain/gcc-linaro-4.9.4-2017.01-x86_64_arm-linux-gnueabi/bin/../lib/gcc/arm-linux-gnueabi/4.9.4/../../../../arm-linux-gnueabi/include
 /home/lucion/work/arm/tool_chain/gcc-linaro-4.9.4-2017.01-x86_64_arm-linux-gnueabi/bin/../arm-linux-gnueabi/libc/usr/local/include
 /home/lucion/work/arm/tool_chain/gcc-linaro-4.9.4-2017.01-x86_64_arm-linux-gnueabi/bin/../arm-linux-gnueabi/libc/usr/include
End of search list.
GNU C (Linaro GCC 4.9-2017.01) version 4.9.4 (arm-linux-gnueabi)
	compiled by GNU C version 4.8.4, GMP version 6.0.0, MPFR version 3.1.3, MPC version 1.0.3
GGC heuristics: --param ggc-min-expand=100 --param ggc-min-heapsize=131072
Compiler executable checksum: bd18903df92f219c0a6242bf34b8edc3
COLLECT_GCC_OPTIONS='-v' '-o' 'CMakeFiles/cmTC_9b1ae.dir/CMakeCCompilerABI.c.o' '-c' '-march=armv7-a' '-mtune=cortex-a9' '-mfloat-abi=soft' '-mfpu=vfpv3-d16' '-mthumb' '-mtls-dialect=gnu'
 /home/lucion/work/arm/tool_chain/gcc-linaro-4.9.4-2017.01-x86_64_arm-linux-gnueabi/bin/../lib/gcc/arm-linux-gnueabi/4.9.4/../../../../arm-linux-gnueabi/bin/as -v -march=armv7-a -mfloat-abi=soft -mfpu=vfpv3-d16 -meabi=5 -o CMakeFiles/cmTC_9b1ae.dir/CMakeCCompilerABI.c.o /tmp/ccT8t92y.s
GNU assembler version 2.24.0 (arm-linux-gnueabi) using BFD version (Linaro_Binutils-2017.01) 2.24.0.20141017 Linaro 2014_11-3-git
COMPILER_PATH=/home/lucion/work/arm/tool_chain/gcc-linaro-4.9.4-2017.01-x86_64_arm-linux-gnueabi/bin/../libexec/gcc/arm-linux-gnueabi/4.9.4/:/home/lucion/work/arm/tool_chain/gcc-linaro-4.9.4-2017.01-x86_64_arm-linux-gnueabi/bin/../libexec/gcc/arm-linux-gnueabi/:/home/lucion/work/arm/tool_chain/gcc-linaro-4.9.4-2017.01-x86_64_arm-linux-gnueabi/bin/../libexec/gcc/:/home/lucion/work/arm/tool_chain/gcc-linaro-4.9.4-2017.01-x86_64_arm-linux-gnueabi/bin/../lib/gcc/arm-linux-gnueabi/4.9.4/../../../../arm-linux-gnueabi/bin/
LIBRARY_PATH=/home/lucion/work/arm/tool_chain/gcc-linaro-4.9.4-2017.01-x86_64_arm-linux-gnueabi/bin/../lib/gcc/arm-linux-gnueabi/4.9.4/:/home/lucion/work/arm/tool_chain/gcc-linaro-4.9.4-2017.01-x86_64_arm-linux-gnueabi/bin/../lib/gcc/arm-linux-gnueabi/:/home/lucion/work/arm/tool_chain/gcc-linaro-4.9.4-2017.01-x86_64_arm-linux-gnueabi/bin/../lib/gcc/:/home/lucion/work/arm/tool_chain/gcc-linaro-4.9.4-2017.01-x86_64_arm-linux-gnueabi/bin/../lib/gcc/arm-linux-gnueabi/4.9.4/../../../../arm-linux-gnueabi/lib/:/home/lucion/work/arm/tool_chain/gcc-linaro-4.9.4-2017.01-x86_64_arm-linux-gnueabi/bin/../arm-linux-gnueabi/libc/lib/:/home/lucion/work/arm/tool_chain/gcc-linaro-4.9.4-2017.01-x86_64_arm-linux-gnueabi/bin/../arm-linux-gnueabi/libc/usr/lib/
COLLECT_GCC_OPTIONS='-v' '-o' 'CMakeFiles/cmTC_9b1ae.dir/CMakeCCompilerABI.c.o' '-c' '-march=armv7-a' '-mtune=cortex-a9' '-mfloat-abi=soft' '-mfpu=vfpv3-d16' '-mthumb' '-mtls-dialect=gnu'
/usr/bin/cmake: /usr/local/lib/libcurl.so.4: no version information available (required by /usr/bin/cmake)
Linking C executable cmTC_9b1ae
/usr/bin/cmake -E cmake_link_script CMakeFiles/cmTC_9b1ae.dir/link.txt --verbose=1
/usr/bin/cmake: /usr/local/lib/libcurl.so.4: no version information available (required by /usr/bin/cmake)
/home/lucion/work/plugins/easecpm_ota/../tools/armv5l/arm-linux-gnueabi-gcc  -v CMakeFiles/cmTC_9b1ae.dir/CMakeCCompilerABI.c.o -o cmTC_9b1ae 
Using built-in specs.
COLLECT_GCC=/home/lucion/work/plugins/easecpm_ota/../tools/armv5l/arm-linux-gnueabi-gcc
COLLECT_LTO_WRAPPER=/home/lucion/work/arm/tool_chain/gcc-linaro-4.9.4-2017.01-x86_64_arm-linux-gnueabi/bin/../libexec/gcc/arm-linux-gnueabi/4.9.4/lto-wrapper
Target: arm-linux-gnueabi
Configured with: /home/tcwg-buildslave/workspace/tcwg-make-release/label/docker-trusty-amd64-tcwg-build/target/arm-linux-gnueabi/snapshots/gcc-linaro-4.9-2017.01/configure SHELL=/bin/bash --with-mpc=/home/tcwg-buildslave/workspace/tcwg-make-release/label/docker-trusty-amd64-tcwg-build/target/arm-linux-gnueabi/_build/builds/destdir/x86_64-unknown-linux-gnu --with-mpfr=/home/tcwg-buildslave/workspace/tcwg-make-release/label/docker-trusty-amd64-tcwg-build/target/arm-linux-gnueabi/_build/builds/destdir/x86_64-unknown-linux-gnu --with-gmp=/home/tcwg-buildslave/workspace/tcwg-make-release/label/docker-trusty-amd64-tcwg-build/target/arm-linux-gnueabi/_build/builds/destdir/x86_64-unknown-linux-gnu --with-gnu-as --with-gnu-ld --disable-libmudflap --enable-lto --enable-objc-gc --enable-shared --without-included-gettext --enable-nls --disable-sjlj-exceptions --enable-gnu-unique-object --enable-linker-build-id --disable-libstdcxx-pch --enable-c99 --enable-clocale=gnu --enable-libstdcxx-debug --enable-long-long --with-cloog=no --with-ppl=no --with-isl=no --disable-multilib --with-float=soft --with-mode=thumb --with-tune=cortex-a9 --with-arch=armv7-a --with-fpu=vfpv3-d16 --enable-threads=posix --enable-multiarch --enable-libstdcxx-time=yes --with-build-sysroot=/home/tcwg-buildslave/workspace/tcwg-make-release/label/docker-trusty-amd64-tcwg-build/target/arm-linux-gnueabi/_build/sysroots/arm-linux-gnueabi --with-sysroot=/home/tcwg-buildslave/workspace/tcwg-make-release/label/docker-trusty-amd64-tcwg-build/target/arm-linux-gnueabi/_build/builds/destdir/x86_64-unknown-linux-gnu/arm-linux-gnueabi/libc --enable-checking=release --disable-bootstrap --enable-languages=c,c++,fortran,lto --build=x86_64-unknown-linux-gnu --host=x86_64-unknown-linux-gnu --target=arm-linux-gnueabi --prefix=/home/tcwg-buildslave/workspace/tcwg-make-release/label/docker-trusty-amd64-tcwg-build/target/arm-linux-gnueabi/_build/builds/destdir/x86_64-unknown-linux-gnu
Thread model: posix
gcc version 4.9.4 (Linaro GCC 4.9-2017.01) 
COMPILER_PATH=/home/lucion/work/arm/tool_chain/gcc-linaro-4.9.4-2017.01-x86_64_arm-linux-gnueabi/bin/../libexec/gcc/arm-linux-gnueabi/4.9.4/:/home/lucion/work/arm/tool_chain/gcc-linaro-4.9.4-2017.01-x86_64_arm-linux-gnueabi/bin/../libexec/gcc/arm-linux-gnueabi/:/home/lucion/work/arm/tool_chain/gcc-linaro-4.9.4-2017.01-x86_64_arm-linux-gnueabi/bin/../libexec/gcc/:/home/lucion/work/arm/tool_chain/gcc-linaro-4.9.4-2017.01-x86_64_arm-linux-gnueabi/bin/../lib/gcc/arm-linux-gnueabi/4.9.4/../../../../arm-linux-gnueabi/bin/
LIBRARY_PATH=/home/lucion/work/arm/tool_chain/gcc-linaro-4.9.4-2017.01-x86_64_arm-linux-gnueabi/bin/../lib/gcc/arm-linux-gnueabi/4.9.4/:/home/lucion/work/arm/tool_chain/gcc-linaro-4.9.4-2017.01-x86_64_arm-linux-gnueabi/bin/../lib/gcc/arm-linux-gnueabi/:/home/lucion/work/arm/tool_chain/gcc-linaro-4.9.4-2017.01-x86_64_arm-linux-gnueabi/bin/../lib/gcc/:/home/lucion/work/arm/tool_chain/gcc-linaro-4.9.4-2017.01-x86_64_arm-linux-gnueabi/bin/../lib/gcc/arm-linux-gnueabi/4.9.4/../../../../arm-linux-gnueabi/lib/:/home/lucion/work/arm/tool_chain/gcc-linaro-4.9.4-2017.01-x86_64_arm-linux-gnueabi/bin/../arm-linux-gnueabi/libc/lib/:/home/lucion/work/arm/tool_chain/gcc-linaro-4.9.4-2017.01-x86_64_arm-linux-gnueabi/bin/../arm-linux-gnueabi/libc/usr/lib/
COLLECT_GCC_OPTIONS='-v' '-o' 'cmTC_9b1ae' '-march=armv7-a' '-mtune=cortex-a9' '-mfloat-abi=soft' '-mfpu=vfpv3-d16' '-mthumb' '-mtls-dialect=gnu'
 /home/lucion/work/arm/tool_chain/gcc-linaro-4.9.4-2017.01-x86_64_arm-linux-gnueabi/bin/../libexec/gcc/arm-linux-gnueabi/4.9.4/collect2 -plugin /home/lucion/work/arm/tool_chain/gcc-linaro-4.9.4-2017.01-x86_64_arm-linux-gnueabi/bin/../libexec/gcc/arm-linux-gnueabi/4.9.4/liblto_plugin.so -plugin-opt=/home/lucion/work/arm/tool_chain/gcc-linaro-4.9.4-2017.01-x86_64_arm-linux-gnueabi/bin/../libexec/gcc/arm-linux-gnueabi/4.9.4/lto-wrapper -plugin-opt=-fresolution=/tmp/ccI3bhBZ.res -plugin-opt=-pass-through=-lgcc -plugin-opt=-pass-through=-lgcc_s -plugin-opt=-pass-through=-lc -plugin-opt=-pass-through=-lgcc -plugin-opt=-pass-through=-lgcc_s --sysroot=/home/lucion/work/arm/tool_chain/gcc-linaro-4.9.4-2017.01-x86_64_arm-linux-gnueabi/bin/../arm-linux-gnueabi/libc --build-id --eh-frame-hdr -dynamic-linker /lib/ld-linux.so.3 -X -m armelf_linux_eabi -o cmTC_9b1ae /home/lucion/work/arm/tool_chain/gcc-linaro-4.9.4-2017.01-x86_64_arm-linux-gnueabi/bin/../arm-linux-gnueabi/libc/usr/lib/crt1.o /home/lucion/work/arm/tool_chain/gcc-linaro-4.9.4-2017.01-x86_64_arm-linux-gnueabi/bin/../arm-linux-gnueabi/libc/usr/lib/crti.o /home/lucion/work/arm/tool_chain/gcc-linaro-4.9.4-2017.01-x86_64_arm-linux-gnueabi/bin/../lib/gcc/arm-linux-gnueabi/4.9.4/crtbegin.o -L/home/lucion/work/arm/tool_chain/gcc-linaro-4.9.4-2017.01-x86_64_arm-linux-gnueabi/bin/../lib/gcc/arm-linux-gnueabi/4.9.4 -L/home/lucion/work/arm/tool_chain/gcc-linaro-4.9.4-2017.01-x86_64_arm-linux-gnueabi/bin/../lib/gcc/arm-linux-gnueabi -L/home/lucion/work/arm/tool_chain/gcc-linaro-4.9.4-2017.01-x86_64_arm-linux-gnueabi/bin/../lib/gcc -L/home/lucion/work/arm/tool_chain/gcc-linaro-4.9.4-2017.01-x86_64_arm-linux-gnueabi/bin/../lib/gcc/arm-linux-gnueabi/4.9.4/../../../../arm-linux-gnueabi/lib -L/home/lucion/work/arm/tool_chain/gcc-linaro-4.9.4-2017.01-x86_64_arm-linux-gnueabi/bin/../arm-linux-gnueabi/libc/lib -L/home/lucion/work/arm/tool_chain/gcc-linaro-4.9.4-2017.01-x86_64_arm-linux-gnueabi/bin/../arm-linux-gnueabi/libc/usr/lib CMakeFiles/cmTC_9b1ae.dir/CMakeCCompilerABI.c.o -lgcc --as-needed -lgcc_s --no-as-needed -lc -lgcc --as-needed -lgcc_s --no-as-needed /home/lucion/work/arm/tool_chain/gcc-linaro-4.9.4-2017.01-x86_64_arm-linux-gnueabi/bin/../lib/gcc/arm-linux-gnueabi/4.9.4/crtend.o /home/lucion/work/arm/tool_chain/gcc-linaro-4.9.4-2017.01-x86_64_arm-linux-gnueabi/bin/../arm-linux-gnueabi/libc/usr/lib/crtn.o
gmake[1]: Leaving directory '/home/lucion/work/plugins/easecpm_ota/build/CMakeFiles/CMakeTmp'



Parsed C implicit include dir info from above output: rv=done
  found start of include info
  found start of implicit include info
    add: [/home/lucion/work/arm/tool_chain/gcc-linaro-4.9.4-2017.01-x86_64_arm-linux-gnueabi/bin/../lib/gcc/arm-linux-gnueabi/4.9.4/include]
    add: [/home/lucion/work/arm/tool_chain/gcc-linaro-4.9.4-2017.01-x86_64_arm-linux-gnueabi/bin/../lib/gcc/arm-linux-gnueabi/4.9.4/include-fixed]
    add: [/home/lucion/work/arm/tool_chain/gcc-linaro-4.9.4-2017.01-x86_64_arm-linux-gnueabi/bin/../lib/gcc/arm-linux-gnueabi/4.9.4/../../../../arm-linux-gnueabi/include]
    add: [/home/lucion/work/arm/tool_chain/gcc-linaro-4.9.4-2017.01-x86_64_arm-linux-gnueabi/bin/../arm-linux-gnueabi/libc/usr/local/include]
    add: [/home/lucion/work/arm/tool_chain/gcc-linaro-4.9.4-2017.01-x86_64_arm-linux-gnueabi/bin/../arm-linux-gnueabi/libc/usr/include]
  end of search list found
  collapse include dir [/home/lucion/work/arm/tool_chain/gcc-linaro-4.9.4-2017.01-x86_64_arm-linux-gnueabi/bin/../lib/gcc/arm-linux-gnueabi/4.9.4/include] ==> [/home/lucion/work/arm/tool_chain/gcc-linaro-4.9.4-2017.01-x86_64_arm-linux-gnueabi/lib/gcc/arm-linux-gnueabi/4.9.4/include]
  collapse include dir [/home/lucion/work/arm/tool_chain/gcc-linaro-4.9.4-2017.01-x86_64_arm-linux-gnueabi/bin/../lib/gcc/arm-linux-gnueabi/4.9.4/include-fixed] ==> [/home/lucion/work/arm/tool_chain/gcc-linaro-4.9.4-2017.01-x86_64_arm-linux-gnueabi/lib/gcc/arm-linux-gnueabi/4.9.4/include-fixed]
  collapse include dir [/home/lucion/work/arm/tool_chain/gcc-linaro-4.9.4-2017.01-x86_64_arm-linux-gnueabi/bin/../lib/gcc/arm-linux-gnueabi/4.9.4/../../../../arm-linux-gnueabi/include] ==> [/home/lucion/work/arm/tool_chain/gcc-linaro-4.9.4-2017.01-x86_64_arm-linux-gnueabi/arm-linux-gnueabi/include]
  collapse include dir [/home/lucion/work/arm/tool_chain/gcc-linaro-4.9.4-2017.01-x86_64_arm-linux-gnueabi/bin/../arm-linux-gnueabi/libc/usr/local/include] ==> [/home/lucion/work/arm/tool_chain/gcc-linaro-4.9.4-2017.01-x86_64_arm-linux-gnueabi/arm-linux-gnueabi/libc/usr/local/include]
  collapse include dir [/home/lucion/work/arm/tool_chain/gcc-linaro-4.9.4-2017.01-x86_64_arm-linux-gnueabi/bin/../arm-linux-gnueabi/libc/usr/include] ==> [/home/lucion/work/arm/tool_chain/gcc-linaro-4.9.4-2017.01-x86_64_arm-linux-gnueabi/arm-linux-gnueabi/libc/usr/include]
  implicit include dirs: [/home/lucion/work/arm/tool_chain/gcc-linaro-4.9.4-2017.01-x86_64_arm-linux-gnueabi/lib/gcc/arm-linux-gnueabi/4.9.4/include;/home/lucion/work/arm/tool_chain/gcc-linaro-4.9.4-2017.01-x86_64_arm-linux-gnueabi/lib/gcc/arm-linux-gnueabi/4.9.4/include-fixed;/home/lucion/work/arm/tool_chain/gcc-linaro-4.9.4-2017.01-x86_64_arm-linux-gnueabi/arm-linux-gnueabi/include;/home/lucion/work/arm/tool_chain/gcc-linaro-4.9.4-2017.01-x86_64_arm-linux-gnueabi/arm-linux-gnueabi/libc/usr/local/include;/home/lucion/work/arm/tool_chain/gcc-linaro-4.9.4-2017.01-x86_64_arm-linux-gnueabi/arm-linux-gnueabi/libc/usr/include]


Parsed C implicit link information from above output:
  link line regex: [^( *|.*[/\])(arm-linux-gnueabi-ld|CMAKE_LINK_STARTFILE-NOTFOUND|([^/\]+-)?ld|collect2)[^/\]*( |$)]
  ignore line: [Change Dir: /home/lucion/work/plugins/easecpm_ota/build/CMakeFiles/CMakeTmp]
  ignore line: []
  ignore line: [Run Build Command(s):/usr/bin/gmake -f Makefile cmTC_9b1ae/fast && /usr/bin/gmake  -f CMakeFiles/cmTC_9b1ae.dir/build.make CMakeFiles/cmTC_9b1ae.dir/build]
  ignore line: [gmake[1]: Entering directory '/home/lucion/work/plugins/easecpm_ota/build/CMakeFiles/CMakeTmp']
  ignore line: [/usr/bin/cmake: /usr/local/lib/libcurl.so.4: no version information available (required by /usr/bin/cmake)]
  ignore line: [Building C object CMakeFiles/cmTC_9b1ae.dir/CMakeCCompilerABI.c.o]
  ignore line: [/home/lucion/work/plugins/easecpm_ota/../tools/armv5l/arm-linux-gnueabi-gcc   -v -o CMakeFiles/cmTC_9b1ae.dir/CMakeCCompilerABI.c.o -c /usr/share/cmake-3.22/Modules/CMakeCCompilerABI.c]
  ignore line: [Using built-in specs.]
  ignore line: [COLLECT_GCC=/home/lucion/work/plugins/easecpm_ota/../tools/armv5l/arm-linux-gnueabi-gcc]
  ignore line: [Target: arm-linux-gnueabi]
  ignore line: [Configured with: /home/tcwg-buildslave/workspace/tcwg-make-release/label/docker-trusty-amd64-tcwg-build/target/arm-linux-gnueabi/snapshots/gcc-linaro-4.9-2017.01/configure SHELL=/bin/bash --with-mpc=/home/tcwg-buildslave/workspace/tcwg-make-release/label/docker-trusty-amd64-tcwg-build/target/arm-linux-gnueabi/_build/builds/destdir/x86_64-unknown-linux-gnu --with-mpfr=/home/tcwg-buildslave/workspace/tcwg-make-release/label/docker-trusty-amd64-tcwg-build/target/arm-linux-gnueabi/_build/builds/destdir/x86_64-unknown-linux-gnu --with-gmp=/home/tcwg-buildslave/workspace/tcwg-make-release/label/docker-trusty-amd64-tcwg-build/target/arm-linux-gnueabi/_build/builds/destdir/x86_64-unknown-linux-gnu --with-gnu-as --with-gnu-ld --disable-libmudflap --enable-lto --enable-objc-gc --enable-shared --without-included-gettext --enable-nls --disable-sjlj-exceptions --enable-gnu-unique-object --enable-linker-build-id --disable-libstdcxx-pch --enable-c99 --enable-clocale=gnu --enable-libstdcxx-debug --enable-long-long --with-cloog=no --with-ppl=no --with-isl=no --disable-multilib --with-float=soft --with-mode=thumb --with-tune=cortex-a9 --with-arch=armv7-a --with-fpu=vfpv3-d16 --enable-threads=posix --enable-multiarch --enable-libstdcxx-time=yes --with-build-sysroot=/home/tcwg-buildslave/workspace/tcwg-make-release/label/docker-trusty-amd64-tcwg-build/target/arm-linux-gnueabi/_build/sysroots/arm-linux-gnueabi --with-sysroot=/home/tcwg-buildslave/workspace/tcwg-make-release/label/docker-trusty-amd64-tcwg-build/target/arm-linux-gnueabi/_build/builds/destdir/x86_64-unknown-linux-gnu/arm-linux-gnueabi/libc --enable-checking=release --disable-bootstrap --enable-languages=c,c++,fortran,lto --build=x86_64-unknown-linux-gnu --host=x86_64-unknown-linux-gnu --target=arm-linux-gnueabi --prefix=/home/tcwg-buildslave/workspace/tcwg-make-release/label/docker-trusty-amd64-tcwg-build/target/arm-linux-gnueabi/_build/builds/destdir/x86_64-unknown-linux-gnu]
  ignore line: [Thread model: posix]
  ignore line: [gcc version 4.9.4 (Linaro GCC 4.9-2017.01) ]
  ignore line: [COLLECT_GCC_OPTIONS='-v' '-o' 'CMakeFiles/cmTC_9b1ae.dir/CMakeCCompilerABI.c.o' '-c' '-march=armv7-a' '-mtune=cortex-a9' '-mfloat-abi=soft' '-mfpu=vfpv3-d16' '-mthumb' '-mtls-dialect=gnu']
  ignore line: [ /home/lucion/work/arm/tool_chain/gcc-linaro-4.9.4-2017.01-x86_64_arm-linux-gnueabi/bin/../libexec/gcc/arm-linux-gnueabi/4.9.4/cc1 -quiet -v -imultilib . -imultiarch arm-linux-gnueabi -iprefix /home/lucion/work/arm/tool_chain/gcc-linaro-4.9.4-2017.01-x86_64_arm-linux-gnueabi/bin/../lib/gcc/arm-linux-gnueabi/4.9.4/ -isysroot /home/lucion/work/arm/tool_chain/gcc-linaro-4.9.4-2017.01-x86_64_arm-linux-gnueabi/bin/../arm-linux-gnueabi/libc /usr/share/cmake-3.22/Modules/CMakeCCompilerABI.c -quiet -dumpbase CMakeCCompilerABI.c -march=armv7-a -mtune=cortex-a9 -mfloat-abi=soft -mfpu=vfpv3-d16 -mthumb -mtls-dialect=gnu -auxbase-strip CMakeFiles/cmTC_9b1ae.dir/CMakeCCompilerABI.c.o -version -o /tmp/ccT8t92y.s]
  ignore line: [GNU C (Linaro GCC 4.9-2017.01) version 4.9.4 (arm-linux-gnueabi)]
  ignore line: [	compiled by GNU C version 4.8.4  GMP version 6.0.0  MPFR version 3.1.3  MPC version 1.0.3]
  ignore line: [GGC heuristics: --param ggc-min-expand=100 --param ggc-min-heapsize=131072]
  ignore line: [ignoring duplicate directory "/home/lucion/work/arm/tool_chain/gcc-linaro-4.9.4-2017.01-x86_64_arm-linux-gnueabi/bin/../lib/gcc/../../lib/gcc/arm-linux-gnueabi/4.9.4/include"]
  ignore line: [ignoring nonexistent directory "/home/lucion/work/arm/tool_chain/gcc-linaro-4.9.4-2017.01-x86_64_arm-linux-gnueabi/bin/../arm-linux-gnueabi/libc/usr/local/include/arm-linux-gnueabi"]
  ignore line: [ignoring duplicate directory "/home/lucion/work/arm/tool_chain/gcc-linaro-4.9.4-2017.01-x86_64_arm-linux-gnueabi/bin/../lib/gcc/../../lib/gcc/arm-linux-gnueabi/4.9.4/include-fixed"]
  ignore line: [ignoring duplicate directory "/home/lucion/work/arm/tool_chain/gcc-linaro-4.9.4-2017.01-x86_64_arm-linux-gnueabi/bin/../lib/gcc/../../lib/gcc/arm-linux-gnueabi/4.9.4/../../../../arm-linux-gnueabi/include"]
  ignore line: [ignoring nonexistent directory "/home/lucion/work/arm/tool_chain/gcc-linaro-4.9.4-2017.01-x86_64_arm-linux-gnueabi/bin/../arm-linux-gnueabi/libc/usr/include/arm-linux-gnueabi"]
  ignore line: [#include "..." search starts here:]
  ignore line: [#include <...> search starts here:]
  ignore line: [ /home/lucion/work/arm/tool_chain/gcc-linaro-4.9.4-2017.01-x86_64_arm-linux-gnueabi/bin/../lib/gcc/arm-linux-gnueabi/4.9.4/include]
  ignore line: [ /home/lucion/work/arm/tool_chain/gcc-linaro-4.9.4-2017.01-x86_64_arm-linux-gnueabi/bin/../lib/gcc/arm-linux-gnueabi/4.9.4/include-fixed]
  ignore line: [ /home/lucion/work/arm/tool_chain/gcc-linaro-4.9.4-2017.01-x86_64_arm-linux-gnueabi/bin/../lib/gcc/arm-linux-gnueabi/4.9.4/../../../../arm-linux-gnueabi/include]
  ignore line: [ /home/lucion/work/arm/tool_chain/gcc-linaro-4.9.4-2017.01-x86_64_arm-linux-gnueabi/bin/../arm-linux-gnueabi/libc/usr/local/include]
  ignore line: [ /home/lucion/work/arm/tool_chain/gcc-linaro-4.9.4-2017.01-x86_64_arm-linux-gnueabi/bin/../arm-linux-gnueabi/libc/usr/include]
  ignore line: [End of search list.]
  ignore line: [GNU C (Linaro GCC 4.9-2017.01) version 4.9.4 (arm-linux-gnueabi)]
  ignore line: [	compiled by GNU C version 4.8.4  GMP version 6.0.0  MPFR version 3.1.3  MPC version 1.0.3]
  ignore line: [GGC heuristics: --param ggc-min-expand=100 --param ggc-min-heapsize=131072]
  ignore line: [Compiler executable checksum: bd18903df92f219c0a6242bf34b8edc3]
  ignore line: [COLLECT_GCC_OPTIONS='-v' '-o' 'CMakeFiles/cmTC_9b1ae.dir/CMakeCCompilerABI.c.o' '-c' '-march=armv7-a' '-mtune=cortex-a9' '-mfloat-abi=soft' '-mfpu=vfpv3-d16' '-mthumb' '-mtls-dialect=gnu']
  ignore line: [ /home/lucion/work/arm/tool_chain/gcc-linaro-4.9.4-2017.01-x86_64_arm-linux-gnueabi/bin/../lib/gcc/arm-linux-gnueabi/4.9.4/../../../../arm-linux-gnueabi/bin/as -v -march=armv7-a -mfloat-abi=soft -mfpu=vfpv3-d16 -meabi=5 -o CMakeFiles/cmTC_9b1ae.dir/CMakeCCompilerABI.c.o /tmp/ccT8t92y.s]
  ignore line: [GNU assembler version 2.24.0 (arm-linux-gnueabi) using BFD version (Linaro_Binutils-2017.01) 2.24.0.20141017 Linaro 2014_11-3-git]
  ignore line: [COMPILER_PATH=/home/lucion/work/arm/tool_chain/gcc-linaro-4.9.4-2017.01-x86_64_arm-linux-gnueabi/bin/../libexec/gcc/arm-linux-gnueabi/4.9.4/:/home/lucion/work/arm/tool_chain/gcc-linaro-4.9.4-2017.01-x86_64_arm-linux-gnueabi/bin/../libexec/gcc/arm-linux-gnueabi/:/home/lucion/work/arm/tool_chain/gcc-linaro-4.9.4-2017.01-x86_64_arm-linux-gnueabi/bin/../libexec/gcc/:/home/lucion/work/arm/tool_chain/gcc-linaro-4.9.4-2017.01-x86_64_arm-linux-gnueabi/bin/../lib/gcc/arm-linux-gnueabi/4.9.4/../../../../arm-linux-gnueabi/bin/]
  ignore line: [LIBRARY_PATH=/home/lucion/work/arm/tool_chain/gcc-linaro-4.9.4-2017.01-x86_64_arm-linux-gnueabi/bin/../lib/gcc/arm-linux-gnueabi/4.9.4/:/home/lucion/work/arm/tool_chain/gcc-linaro-4.9.4-2017.01-x86_64_arm-linux-gnueabi/bin/../lib/gcc/arm-linux-gnueabi/:/home/lucion/work/arm/tool_chain/gcc-linaro-4.9.4-2017.01-x86_64_arm-linux-gnueabi/bin/../lib/gcc/:/home/lucion/work/arm/tool_chain/gcc-linaro-4.9.4-2017.01-x86_64_arm-linux-gnueabi/bin/../lib/gcc/arm-linux-gnueabi/4.9.4/../../../../arm-linux-gnueabi/lib/:/home/lucion/work/arm/tool_chain/gcc-linaro-4.9.4-2017.01-x86_64_arm-linux-gnueabi/bin/../arm-linux-gnueabi/libc/lib/:/home/lucion/work/arm/tool_chain/gcc-linaro-4.9.4-2017.01-x86_64_arm-linux-gnueabi/bin/../arm-linux-gnueabi/libc/usr/lib/]
  ignore line: [COLLECT_GCC_OPTIONS='-v' '-o' 'CMakeFiles/cmTC_9b1ae.dir/CMakeCCompilerABI.c.o' '-c' '-march=armv7-a' '-mtune=cortex-a9' '-mfloat-abi=soft' '-mfpu=vfpv3-d16' '-mthumb' '-mtls-dialect=gnu']
  ignore line: [/usr/bin/cmake: /usr/local/lib/libcurl.so.4: no version information available (required by /usr/bin/cmake)]
  ignore line: [Linking C executable cmTC_9b1ae]
  ignore line: [/usr/bin/cmake -E cmake_link_script CMakeFiles/cmTC_9b1ae.dir/link.txt --verbose=1]
  ignore line: [/usr/bin/cmake: /usr/local/lib/libcurl.so.4: no version information available (required by /usr/bin/cmake)]
  ignore line: [/home/lucion/work/plugins/easecpm_ota/../tools/armv5l/arm-linux-gnueabi-gcc  -v CMakeFiles/cmTC_9b1ae.dir/CMakeCCompilerABI.c.o -o cmTC_9b1ae ]
  ignore line: [Using built-in specs.]
  ignore line: [COLLECT_GCC=/home/lucion/work/plugins/easecpm_ota/../tools/armv5l/arm-linux-gnueabi-gcc]
  ignore line: [COLLECT_LTO_WRAPPER=/home/lucion/work/arm/tool_chain/gcc-linaro-4.9.4-2017.01-x86_64_arm-linux-gnueabi/bin/../libexec/gcc/arm-linux-gnueabi/4.9.4/lto-wrapper]
  ignore line: [Target: arm-linux-gnueabi]
  ignore line: [Configured with: /home/tcwg-buildslave/workspace/tcwg-make-release/label/docker-trusty-amd64-tcwg-build/target/arm-linux-gnueabi/snapshots/gcc-linaro-4.9-2017.01/configure SHELL=/bin/bash --with-mpc=/home/tcwg-buildslave/workspace/tcwg-make-release/label/docker-trusty-amd64-tcwg-build/target/arm-linux-gnueabi/_build/builds/destdir/x86_64-unknown-linux-gnu --with-mpfr=/home/tcwg-buildslave/workspace/tcwg-make-release/label/docker-trusty-amd64-tcwg-build/target/arm-linux-gnueabi/_build/builds/destdir/x86_64-unknown-linux-gnu --with-gmp=/home/tcwg-buildslave/workspace/tcwg-make-release/label/docker-trusty-amd64-tcwg-build/target/arm-linux-gnueabi/_build/builds/destdir/x86_64-unknown-linux-gnu --with-gnu-as --with-gnu-ld --disable-libmudflap --enable-lto --enable-objc-gc --enable-shared --without-included-gettext --enable-nls --disable-sjlj-exceptions --enable-gnu-unique-object --enable-linker-build-id --disable-libstdcxx-pch --enable-c99 --enable-clocale=gnu --enable-libstdcxx-debug --enable-long-long --with-cloog=no --with-ppl=no --with-isl=no --disable-multilib --with-float=soft --with-mode=thumb --with-tune=cortex-a9 --with-arch=armv7-a --with-fpu=vfpv3-d16 --enable-threads=posix --enable-multiarch --enable-libstdcxx-time=yes --with-build-sysroot=/home/tcwg-buildslave/workspace/tcwg-make-release/label/docker-trusty-amd64-tcwg-build/target/arm-linux-gnueabi/_build/sysroots/arm-linux-gnueabi --with-sysroot=/home/tcwg-buildslave/workspace/tcwg-make-release/label/docker-trusty-amd64-tcwg-build/target/arm-linux-gnueabi/_build/builds/destdir/x86_64-unknown-linux-gnu/arm-linux-gnueabi/libc --enable-checking=release --disable-bootstrap --enable-languages=c,c++,fortran,lto --build=x86_64-unknown-linux-gnu --host=x86_64-unknown-linux-gnu --target=arm-linux-gnueabi --prefix=/home/tcwg-buildslave/workspace/tcwg-make-release/label/docker-trusty-amd64-tcwg-build/target/arm-linux-gnueabi/_build/builds/destdir/x86_64-unknown-linux-gnu]
  ignore line: [Thread model: posix]
  ignore line: [gcc version 4.9.4 (Linaro GCC 4.9-2017.01) ]
  ignore line: [COMPILER_PATH=/home/lucion/work/arm/tool_chain/gcc-linaro-4.9.4-2017.01-x86_64_arm-linux-gnueabi/bin/../libexec/gcc/arm-linux-gnueabi/4.9.4/:/home/lucion/work/arm/tool_chain/gcc-linaro-4.9.4-2017.01-x86_64_arm-linux-gnueabi/bin/../libexec/gcc/arm-linux-gnueabi/:/home/lucion/work/arm/tool_chain/gcc-linaro-4.9.4-2017.01-x86_64_arm-linux-gnueabi/bin/../libexec/gcc/:/home/lucion/work/arm/tool_chain/gcc-linaro-4.9.4-2017.01-x86_64_arm-linux-gnueabi/bin/../lib/gcc/arm-linux-gnueabi/4.9.4/../../../../arm-linux-gnueabi/bin/]
  ignore line: [LIBRARY_PATH=/home/lucion/work/arm/tool_chain/gcc-linaro-4.9.4-2017.01-x86_64_arm-linux-gnueabi/bin/../lib/gcc/arm-linux-gnueabi/4.9.4/:/home/lucion/work/arm/tool_chain/gcc-linaro-4.9.4-2017.01-x86_64_arm-linux-gnueabi/bin/../lib/gcc/arm-linux-gnueabi/:/home/lucion/work/arm/tool_chain/gcc-linaro-4.9.4-2017.01-x86_64_arm-linux-gnueabi/bin/../lib/gcc/:/home/lucion/work/arm/tool_chain/gcc-linaro-4.9.4-2017.01-x86_64_arm-linux-gnueabi/bin/../lib/gcc/arm-linux-gnueabi/4.9.4/../../../../arm-linux-gnueabi/lib/:/home/lucion/work/arm/tool_chain/gcc-linaro-4.9.4-2017.01-x86_64_arm-linux-gnueabi/bin/../arm-linux-gnueabi/libc/lib/:/home/lucion/work/arm/tool_chain/gcc-linaro-4.9.4-2017.01-x86_64_arm-linux-gnueabi/bin/../arm-linux-gnueabi/libc/usr/lib/]
  ignore line: [COLLECT_GCC_OPTIONS='-v' '-o' 'cmTC_9b1ae' '-march=armv7-a' '-mtune=cortex-a9' '-mfloat-abi=soft' '-mfpu=vfpv3-d16' '-mthumb' '-mtls-dialect=gnu']
  link line: [ /home/lucion/work/arm/tool_chain/gcc-linaro-4.9.4-2017.01-x86_64_arm-linux-gnueabi/bin/../libexec/gcc/arm-linux-gnueabi/4.9.4/collect2 -plugin /home/lucion/work/arm/tool_chain/gcc-linaro-4.9.4-2017.01-x86_64_arm-linux-gnueabi/bin/../libexec/gcc/arm-linux-gnueabi/4.9.4/liblto_plugin.so -plugin-opt=/home/lucion/work/arm/tool_chain/gcc-linaro-4.9.4-2017.01-x86_64_arm-linux-gnueabi/bin/../libexec/gcc/arm-linux-gnueabi/4.9.4/lto-wrapper -plugin-opt=-fresolution=/tmp/ccI3bhBZ.res -plugin-opt=-pass-through=-lgcc -plugin-opt=-pass-through=-lgcc_s -plugin-opt=-pass-through=-lc -plugin-opt=-pass-through=-lgcc -plugin-opt=-pass-through=-lgcc_s --sysroot=/home/lucion/work/arm/tool_chain/gcc-linaro-4.9.4-2017.01-x86_64_arm-linux-gnueabi/bin/../arm-linux-gnueabi/libc --build-id --eh-frame-hdr -dynamic-linker /lib/ld-linux.so.3 -X -m armelf_linux_eabi -o cmTC_9b1ae /home/lucion/work/arm/tool_chain/gcc-linaro-4.9.4-2017.01-x86_64_arm-linux-gnueabi/bin/../arm-linux-gnueabi/libc/usr/lib/crt1.o /home/lucion/work/arm/tool_chain/gcc-linaro-4.9.4-2017.01-x86_64_arm-linux-gnueabi/bin/../arm-linux-gnueabi/libc/usr/lib/crti.o /home/lucion/work/arm/tool_chain/gcc-linaro-4.9.4-2017.01-x86_64_arm-linux-gnueabi/bin/../lib/gcc/arm-linux-gnueabi/4.9.4/crtbegin.o -L/home/lucion/work/arm/tool_chain/gcc-linaro-4.9.4-2017.01-x86_64_arm-linux-gnueabi/bin/../lib/gcc/arm-linux-gnueabi/4.9.4 -L/home/lucion/work/arm/tool_chain/gcc-linaro-4.9.4-2017.01-x86_64_arm-linux-gnueabi/bin/../lib/gcc/arm-linux-gnueabi -L/home/lucion/work/arm/tool_chain/gcc-linaro-4.9.4-2017.01-x86_64_arm-linux-gnueabi/bin/../lib/gcc -L/home/lucion/work/arm/tool_chain/gcc-linaro-4.9.4-2017.01-x86_64_arm-linux-gnueabi/bin/../lib/gcc/arm-linux-gnueabi/4.9.4/../../../../arm-linux-gnueabi/lib -L/home/lucion/work/arm/tool_chain/gcc-linaro-4.9.4-2017.01-x86_64_arm-linux-gnueabi/bin/../arm-linux-gnueabi/libc/lib -L/home/lucion/work/arm/tool_chain/gcc-linaro-4.9.4-2017.01-x86_64_arm-linux-gnueabi/bin/../arm-linux-gnueabi/libc/usr/lib CMakeFiles/cmTC_9b1ae.dir/CMakeCCompilerABI.c.o -lgcc --as-needed -lgcc_s --no-as-needed -lc -lgcc --as-needed -lgcc_s --no-as-needed /home/lucion/work/arm/tool_chain/gcc-linaro-4.9.4-2017.01-x86_64_arm-linux-gnueabi/bin/../lib/gcc/arm-linux-gnueabi/4.9.4/crtend.o /home/lucion/work/arm/tool_chain/gcc-linaro-4.9.4-2017.01-x86_64_arm-linux-gnueabi/bin/../arm-linux-gnueabi/libc/usr/lib/crtn.o]
    arg [/home/lucion/work/arm/tool_chain/gcc-linaro-4.9.4-2017.01-x86_64_arm-linux-gnueabi/bin/../libexec/gcc/arm-linux-gnueabi/4.9.4/collect2] ==> ignore
    arg [-plugin] ==> ignore
    arg [/home/lucion/work/arm/tool_chain/gcc-linaro-4.9.4-2017.01-x86_64_arm-linux-gnueabi/bin/../libexec/gcc/arm-linux-gnueabi/4.9.4/liblto_plugin.so] ==> ignore
    arg [-plugin-opt=/home/lucion/work/arm/tool_chain/gcc-linaro-4.9.4-2017.01-x86_64_arm-linux-gnueabi/bin/../libexec/gcc/arm-linux-gnueabi/4.9.4/lto-wrapper] ==> ignore
    arg [-plugin-opt=-fresolution=/tmp/ccI3bhBZ.res] ==> ignore
    arg [-plugin-opt=-pass-through=-lgcc] ==> ignore
    arg [-plugin-opt=-pass-through=-lgcc_s] ==> ignore
    arg [-plugin-opt=-pass-through=-lc] ==> ignore
    arg [-plugin-opt=-pass-through=-lgcc] ==> ignore
    arg [-plugin-opt=-pass-through=-lgcc_s] ==> ignore
    arg [--sysroot=/home/lucion/work/arm/tool_chain/gcc-linaro-4.9.4-2017.01-x86_64_arm-linux-gnueabi/bin/../arm-linux-gnueabi/libc] ==> ignore
    arg [--build-id] ==> ignore
    arg [--eh-frame-hdr] ==> ignore
    arg [-dynamic-linker] ==> ignore
    arg [/lib/ld-linux.so.3] ==> ignore
    arg [-X] ==> ignore
    arg [-m] ==> ignore
    arg [armelf_linux_eabi] ==> ignore
    arg [-o] ==> ignore
    arg [cmTC_9b1ae] ==> ignore
    arg [/home/lucion/work/arm/tool_chain/gcc-linaro-4.9.4-2017.01-x86_64_arm-linux-gnueabi/bin/../arm-linux-gnueabi/libc/usr/lib/crt1.o] ==> obj [/home/lucion/work/arm/tool_chain/gcc-linaro-4.9.4-2017.01-x86_64_arm-linux-gnueabi/bin/../arm-linux-gnueabi/libc/usr/lib/crt1.o]
    arg [/home/lucion/work/arm/tool_chain/gcc-linaro-4.9.4-2017.01-x86_64_arm-linux-gnueabi/bin/../arm-linux-gnueabi/libc/usr/lib/crti.o] ==> obj [/home/lucion/work/arm/tool_chain/gcc-linaro-4.9.4-2017.01-x86_64_arm-linux-gnueabi/bin/../arm-linux-gnueabi/libc/usr/lib/crti.o]
    arg [/home/lucion/work/arm/tool_chain/gcc-linaro-4.9.4-2017.01-x86_64_arm-linux-gnueabi/bin/../lib/gcc/arm-linux-gnueabi/4.9.4/crtbegin.o] ==> obj [/home/lucion/work/arm/tool_chain/gcc-linaro-4.9.4-2017.01-x86_64_arm-linux-gnueabi/bin/../lib/gcc/arm-linux-gnueabi/4.9.4/crtbegin.o]
    arg [-L/home/lucion/work/arm/tool_chain/gcc-linaro-4.9.4-2017.01-x86_64_arm-linux-gnueabi/bin/../lib/gcc/arm-linux-gnueabi/4.9.4] ==> dir [/home/lucion/work/arm/tool_chain/gcc-linaro-4.9.4-2017.01-x86_64_arm-linux-gnueabi/bin/../lib/gcc/arm-linux-gnueabi/4.9.4]
    arg [-L/home/lucion/work/arm/tool_chain/gcc-linaro-4.9.4-2017.01-x86_64_arm-linux-gnueabi/bin/../lib/gcc/arm-linux-gnueabi] ==> dir [/home/lucion/work/arm/tool_chain/gcc-linaro-4.9.4-2017.01-x86_64_arm-linux-gnueabi/bin/../lib/gcc/arm-linux-gnueabi]
    arg [-L/home/lucion/work/arm/tool_chain/gcc-linaro-4.9.4-2017.01-x86_64_arm-linux-gnueabi/bin/../lib/gcc] ==> dir [/home/lucion/work/arm/tool_chain/gcc-linaro-4.9.4-2017.01-x86_64_arm-linux-gnueabi/bin/../lib/gcc]
    arg [-L/home/lucion/work/arm/tool_chain/gcc-linaro-4.9.4-2017.01-x86_64_arm-linux-gnueabi/bin/../lib/gcc/arm-linux-gnueabi/4.9.4/../../../../arm-linux-gnueabi/lib] ==> dir [/home/lucion/work/arm/tool_chain/gcc-linaro-4.9.4-2017.01-x86_64_arm-linux-gnueabi/bin/../lib/gcc/arm-linux-gnueabi/4.9.4/../../../../arm-linux-gnueabi/lib]
    arg [-L/home/lucion/work/arm/tool_chain/gcc-linaro-4.9.4-2017.01-x86_64_arm-linux-gnueabi/bin/../arm-linux-gnueabi/libc/lib] ==> dir [/home/lucion/work/arm/tool_chain/gcc-linaro-4.9.4-2017.01-x86_64_arm-linux-gnueabi/bin/../arm-linux-gnueabi/libc/lib]
    arg [-L/home/lucion/work/arm/tool_chain/gcc-linaro-4.9.4-2017.01-x86_64_arm-linux-gnueabi/bin/../arm-linux-gnueabi/libc/usr/lib] ==> dir [/home/lucion/work/arm/tool_chain/gcc-linaro-4.9.4-2017.01-x86_64_arm-linux-gnueabi/bin/../arm-linux-gnueabi/libc/usr/lib]
    arg [CMakeFiles/cmTC_9b1ae.dir/CMakeCCompilerABI.c.o] ==> ignore
    arg [-lgcc] ==> lib [gcc]
    arg [--as-needed] ==> ignore
    arg [-lgcc_s] ==> lib [gcc_s]
    arg [--no-as-needed] ==> ignore
    arg [-lc] ==> lib [c]
    arg [-lgcc] ==> lib [gcc]
    arg [--as-needed] ==> ignore
    arg [-lgcc_s] ==> lib [gcc_s]
    arg [--no-as-needed] ==> ignore
    arg [/home/lucion/work/arm/tool_chain/gcc-linaro-4.9.4-2017.01-x86_64_arm-linux-gnueabi/bin/../lib/gcc/arm-linux-gnueabi/4.9.4/crtend.o] ==> obj [/home/lucion/work/arm/tool_chain/gcc-linaro-4.9.4-2017.01-x86_64_arm-linux-gnueabi/bin/../lib/gcc/arm-linux-gnueabi/4.9.4/crtend.o]
    arg [/home/lucion/work/arm/tool_chain/gcc-linaro-4.9.4-2017.01-x86_64_arm-linux-gnueabi/bin/../arm-linux-gnueabi/libc/usr/lib/crtn.o] ==> obj [/home/lucion/work/arm/tool_chain/gcc-linaro-4.9.4-2017.01-x86_64_arm-linux-gnueabi/bin/../arm-linux-gnueabi/libc/usr/lib/crtn.o]
  collapse obj [/home/lucion/work/arm/tool_chain/gcc-linaro-4.9.4-2017.01-x86_64_arm-linux-gnueabi/bin/../arm-linux-gnueabi/libc/usr/lib/crt1.o] ==> [/home/lucion/work/arm/tool_chain/gcc-linaro-4.9.4-2017.01-x86_64_arm-linux-gnueabi/arm-linux-gnueabi/libc/usr/lib/crt1.o]
  collapse obj [/home/lucion/work/arm/tool_chain/gcc-linaro-4.9.4-2017.01-x86_64_arm-linux-gnueabi/bin/../arm-linux-gnueabi/libc/usr/lib/crti.o] ==> [/home/lucion/work/arm/tool_chain/gcc-linaro-4.9.4-2017.01-x86_64_arm-linux-gnueabi/arm-linux-gnueabi/libc/usr/lib/crti.o]
  collapse obj [/home/lucion/work/arm/tool_chain/gcc-linaro-4.9.4-2017.01-x86_64_arm-linux-gnueabi/bin/../lib/gcc/arm-linux-gnueabi/4.9.4/crtbegin.o] ==> [/home/lucion/work/arm/tool_chain/gcc-linaro-4.9.4-2017.01-x86_64_arm-linux-gnueabi/lib/gcc/arm-linux-gnueabi/4.9.4/crtbegin.o]
  collapse obj [/home/lucion/work/arm/tool_chain/gcc-linaro-4.9.4-2017.01-x86_64_arm-linux-gnueabi/bin/../lib/gcc/arm-linux-gnueabi/4.9.4/crtend.o] ==> [/home/lucion/work/arm/tool_chain/gcc-linaro-4.9.4-2017.01-x86_64_arm-linux-gnueabi/lib/gcc/arm-linux-gnueabi/4.9.4/crtend.o]
  collapse obj [/home/lucion/work/arm/tool_chain/gcc-linaro-4.9.4-2017.01-x86_64_arm-linux-gnueabi/bin/../arm-linux-gnueabi/libc/usr/lib/crtn.o] ==> [/home/lucion/work/arm/tool_chain/gcc-linaro-4.9.4-2017.01-x86_64_arm-linux-gnueabi/arm-linux-gnueabi/libc/usr/lib/crtn.o]
  collapse library dir [/home/lucion/work/arm/tool_chain/gcc-linaro-4.9.4-2017.01-x86_64_arm-linux-gnueabi/bin/../lib/gcc/arm-linux-gnueabi/4.9.4] ==> [/home/lucion/work/arm/tool_chain/gcc-linaro-4.9.4-2017.01-x86_64_arm-linux-gnueabi/lib/gcc/arm-linux-gnueabi/4.9.4]
  collapse library dir [/home/lucion/work/arm/tool_chain/gcc-linaro-4.9.4-2017.01-x86_64_arm-linux-gnueabi/bin/../lib/gcc/arm-linux-gnueabi] ==> [/home/lucion/work/arm/tool_chain/gcc-linaro-4.9.4-2017.01-x86_64_arm-linux-gnueabi/lib/gcc/arm-linux-gnueabi]
  collapse library dir [/home/lucion/work/arm/tool_chain/gcc-linaro-4.9.4-2017.01-x86_64_arm-linux-gnueabi/bin/../lib/gcc] ==> [/home/lucion/work/arm/tool_chain/gcc-linaro-4.9.4-2017.01-x86_64_arm-linux-gnueabi/lib/gcc]
  collapse library dir [/home/lucion/work/arm/tool_chain/gcc-linaro-4.9.4-2017.01-x86_64_arm-linux-gnueabi/bin/../lib/gcc/arm-linux-gnueabi/4.9.4/../../../../arm-linux-gnueabi/lib] ==> [/home/lucion/work/arm/tool_chain/gcc-linaro-4.9.4-2017.01-x86_64_arm-linux-gnueabi/arm-linux-gnueabi/lib]
  collapse library dir [/home/lucion/work/arm/tool_chain/gcc-linaro-4.9.4-2017.01-x86_64_arm-linux-gnueabi/bin/../arm-linux-gnueabi/libc/lib] ==> [/home/lucion/work/arm/tool_chain/gcc-linaro-4.9.4-2017.01-x86_64_arm-linux-gnueabi/arm-linux-gnueabi/libc/lib]
  collapse library dir [/home/lucion/work/arm/tool_chain/gcc-linaro-4.9.4-2017.01-x86_64_arm-linux-gnueabi/bin/../arm-linux-gnueabi/libc/usr/lib] ==> [/home/lucion/work/arm/tool_chain/gcc-linaro-4.9.4-2017.01-x86_64_arm-linux-gnueabi/arm-linux-gnueabi/libc/usr/lib]
  implicit libs: [gcc;gcc_s;c;gcc;gcc_s]
  implicit objs: [/home/lucion/work/arm/tool_chain/gcc-linaro-4.9.4-2017.01-x86_64_arm-linux-gnueabi/arm-linux-gnueabi/libc/usr/lib/crt1.o;/home/lucion/work/arm/tool_chain/gcc-linaro-4.9.4-2017.01-x86_64_arm-linux-gnueabi/arm-linux-gnueabi/libc/usr/lib/crti.o;/home/lucion/work/arm/tool_chain/gcc-linaro-4.9.4-2017.01-x86_64_arm-linux-gnueabi/lib/gcc/arm-linux-gnueabi/4.9.4/crtbegin.o;/home/lucion/work/arm/tool_chain/gcc-linaro-4.9.4-2017.01-x86_64_arm-linux-gnueabi/lib/gcc/arm-linux-gnueabi/4.9.4/crtend.o;/home/lucion/work/arm/tool_chain/gcc-linaro-4.9.4-2017.01-x86_64_arm-linux-gnueabi/arm-linux-gnueabi/libc/usr/lib/crtn.o]
  implicit dirs: [/home/lucion/work/arm/tool_chain/gcc-linaro-4.9.4-2017.01-x86_64_arm-linux-gnueabi/lib/gcc/arm-linux-gnueabi/4.9.4;/home/lucion/work/arm/tool_chain/gcc-linaro-4.9.4-2017.01-x86_64_arm-linux-gnueabi/lib/gcc/arm-linux-gnueabi;/home/lucion/work/arm/tool_chain/gcc-linaro-4.9.4-2017.01-x86_64_arm-linux-gnueabi/lib/gcc;/home/lucion/work/arm/tool_chain/gcc-linaro-4.9.4-2017.01-x86_64_arm-linux-gnueabi/arm-linux-gnueabi/lib;/home/lucion/work/arm/tool_chain/gcc-linaro-4.9.4-2017.01-x86_64_arm-linux-gnueabi/arm-linux-gnueabi/libc/lib;/home/lucion/work/arm/tool_chain/gcc-linaro-4.9.4-2017.01-x86_64_arm-linux-gnueabi/arm-linux-gnueabi/libc/usr/lib]
  implicit fwks: []


Detecting CXX compiler ABI info compiled with the following output:
Change Dir: /home/lucion/work/plugins/easecpm_ota/build/CMakeFiles/CMakeTmp

Run Build Command(s):/usr/bin/gmake -f Makefile cmTC_276ee/fast && /usr/bin/gmake  -f CMakeFiles/cmTC_276ee.dir/build.make CMakeFiles/cmTC_276ee.dir/build
gmake[1]: Entering directory '/home/lucion/work/plugins/easecpm_ota/build/CMakeFiles/CMakeTmp'
/usr/bin/cmake: /usr/local/lib/libcurl.so.4: no version information available (required by /usr/bin/cmake)
Building CXX object CMakeFiles/cmTC_276ee.dir/CMakeCXXCompilerABI.cpp.o
/home/lucion/work/plugins/easecpm_ota/../tools/armv5l/arm-linux-gnueabi-g++   -v -o CMakeFiles/cmTC_276ee.dir/CMakeCXXCompilerABI.cpp.o -c /usr/share/cmake-3.22/Modules/CMakeCXXCompilerABI.cpp
Using built-in specs.
COLLECT_GCC=/home/lucion/work/plugins/easecpm_ota/../tools/armv5l/arm-linux-gnueabi-g++
Target: arm-linux-gnueabi
Configured with: /home/tcwg-buildslave/workspace/tcwg-make-release/label/docker-trusty-amd64-tcwg-build/target/arm-linux-gnueabi/snapshots/gcc-linaro-4.9-2017.01/configure SHELL=/bin/bash --with-mpc=/home/tcwg-buildslave/workspace/tcwg-make-release/label/docker-trusty-amd64-tcwg-build/target/arm-linux-gnueabi/_build/builds/destdir/x86_64-unknown-linux-gnu --with-mpfr=/home/tcwg-buildslave/workspace/tcwg-make-release/label/docker-trusty-amd64-tcwg-build/target/arm-linux-gnueabi/_build/builds/destdir/x86_64-unknown-linux-gnu --with-gmp=/home/tcwg-buildslave/workspace/tcwg-make-release/label/docker-trusty-amd64-tcwg-build/target/arm-linux-gnueabi/_build/builds/destdir/x86_64-unknown-linux-gnu --with-gnu-as --with-gnu-ld --disable-libmudflap --enable-lto --enable-objc-gc --enable-shared --without-included-gettext --enable-nls --disable-sjlj-exceptions --enable-gnu-unique-object --enable-linker-build-id --disable-libstdcxx-pch --enable-c99 --enable-clocale=gnu --enable-libstdcxx-debug --enable-long-long --with-cloog=no --with-ppl=no --with-isl=no --disable-multilib --with-float=soft --with-mode=thumb --with-tune=cortex-a9 --with-arch=armv7-a --with-fpu=vfpv3-d16 --enable-threads=posix --enable-multiarch --enable-libstdcxx-time=yes --with-build-sysroot=/home/tcwg-buildslave/workspace/tcwg-make-release/label/docker-trusty-amd64-tcwg-build/target/arm-linux-gnueabi/_build/sysroots/arm-linux-gnueabi --with-sysroot=/home/tcwg-buildslave/workspace/tcwg-make-release/label/docker-trusty-amd64-tcwg-build/target/arm-linux-gnueabi/_build/builds/destdir/x86_64-unknown-linux-gnu/arm-linux-gnueabi/libc --enable-checking=release --disable-bootstrap --enable-languages=c,c++,fortran,lto --build=x86_64-unknown-linux-gnu --host=x86_64-unknown-linux-gnu --target=arm-linux-gnueabi --prefix=/home/tcwg-buildslave/workspace/tcwg-make-release/label/docker-trusty-amd64-tcwg-build/target/arm-linux-gnueabi/_build/builds/destdir/x86_64-unknown-linux-gnu
Thread model: posix
gcc version 4.9.4 (Linaro GCC 4.9-2017.01) 
COLLECT_GCC_OPTIONS='-v' '-o' 'CMakeFiles/cmTC_276ee.dir/CMakeCXXCompilerABI.cpp.o' '-c' '-shared-libgcc' '-march=armv7-a' '-mtune=cortex-a9' '-mfloat-abi=soft' '-mfpu=vfpv3-d16' '-mthumb' '-mtls-dialect=gnu'
 /home/lucion/work/arm/tool_chain/gcc-linaro-4.9.4-2017.01-x86_64_arm-linux-gnueabi/bin/../libexec/gcc/arm-linux-gnueabi/4.9.4/cc1plus -quiet -v -imultilib . -imultiarch arm-linux-gnueabi -iprefix /home/lucion/work/arm/tool_chain/gcc-linaro-4.9.4-2017.01-x86_64_arm-linux-gnueabi/bin/../lib/gcc/arm-linux-gnueabi/4.9.4/ -isysroot /home/lucion/work/arm/tool_chain/gcc-linaro-4.9.4-2017.01-x86_64_arm-linux-gnueabi/bin/../arm-linux-gnueabi/libc -D_GNU_SOURCE /usr/share/cmake-3.22/Modules/CMakeCXXCompilerABI.cpp -quiet -dumpbase CMakeCXXCompilerABI.cpp -march=armv7-a -mtune=cortex-a9 -mfloat-abi=soft -mfpu=vfpv3-d16 -mthumb -mtls-dialect=gnu -auxbase-strip CMakeFiles/cmTC_276ee.dir/CMakeCXXCompilerABI.cpp.o -version -o /tmp/cc7Fx1Ft.s
GNU C++ (Linaro GCC 4.9-2017.01) version 4.9.4 (arm-linux-gnueabi)
	compiled by GNU C version 4.8.4, GMP version 6.0.0, MPFR version 3.1.3, MPC version 1.0.3
GGC heuristics: --param ggc-min-expand=100 --param ggc-min-heapsize=131072
ignoring duplicate directory "/home/lucion/work/arm/tool_chain/gcc-linaro-4.9.4-2017.01-x86_64_arm-linux-gnueabi/bin/../lib/gcc/../../lib/gcc/arm-linux-gnueabi/4.9.4/../../../../arm-linux-gnueabi/include/c++/4.9.4"
ignoring duplicate directory "/home/lucion/work/arm/tool_chain/gcc-linaro-4.9.4-2017.01-x86_64_arm-linux-gnueabi/bin/../lib/gcc/../../lib/gcc/arm-linux-gnueabi/4.9.4/../../../../arm-linux-gnueabi/include/c++/4.9.4/arm-linux-gnueabi/."
ignoring duplicate directory "/home/lucion/work/arm/tool_chain/gcc-linaro-4.9.4-2017.01-x86_64_arm-linux-gnueabi/bin/../lib/gcc/../../lib/gcc/arm-linux-gnueabi/4.9.4/../../../../arm-linux-gnueabi/include/c++/4.9.4/backward"
ignoring duplicate directory "/home/lucion/work/arm/tool_chain/gcc-linaro-4.9.4-2017.01-x86_64_arm-linux-gnueabi/bin/../lib/gcc/../../lib/gcc/arm-linux-gnueabi/4.9.4/include"
ignoring nonexistent directory "/home/lucion/work/arm/tool_chain/gcc-linaro-4.9.4-2017.01-x86_64_arm-linux-gnueabi/bin/../arm-linux-gnueabi/libc/usr/local/include/arm-linux-gnueabi"
ignoring duplicate directory "/home/lucion/work/arm/tool_chain/gcc-linaro-4.9.4-2017.01-x86_64_arm-linux-gnueabi/bin/../lib/gcc/../../lib/gcc/arm-linux-gnueabi/4.9.4/include-fixed"
ignoring duplicate directory "/home/lucion/work/arm/tool_chain/gcc-linaro-4.9.4-2017.01-x86_64_arm-linux-gnueabi/bin/../lib/gcc/../../lib/gcc/arm-linux-gnueabi/4.9.4/../../../../arm-linux-gnueabi/include"
ignoring nonexistent directory "/home/lucion/work/arm/tool_chain/gcc-linaro-4.9.4-2017.01-x86_64_arm-linux-gnueabi/bin/../arm-linux-gnueabi/libc/usr/include/arm-linux-gnueabi"
#include "..." search starts here:
#include <...> search starts here:
 /home/lucion/work/arm/tool_chain/gcc-linaro-4.9.4-2017.01-x86_64_arm-linux-gnueabi/bin/../lib/gcc/arm-linux-gnueabi/4.9.4/../../../../arm-linux-gnueabi/include/c++/4.9.4
 /home/lucion/work/arm/tool_chain/gcc-linaro-4.9.4-2017.01-x86_64_arm-linux-gnueabi/bin/../lib/gcc/arm-linux-gnueabi/4.9.4/../../../../arm-linux-gnueabi/include/c++/4.9.4/arm-linux-gnueabi/.
 /home/lucion/work/arm/tool_chain/gcc-linaro-4.9.4-2017.01-x86_64_arm-linux-gnueabi/bin/../lib/gcc/arm-linux-gnueabi/4.9.4/../../../../arm-linux-gnueabi/include/c++/4.9.4/backward
 /home/lucion/work/arm/tool_chain/gcc-linaro-4.9.4-2017.01-x86_64_arm-linux-gnueabi/bin/../lib/gcc/arm-linux-gnueabi/4.9.4/include
 /home/lucion/work/arm/tool_chain/gcc-linaro-4.9.4-2017.01-x86_64_arm-linux-gnueabi/bin/../lib/gcc/arm-linux-gnueabi/4.9.4/include-fixed
 /home/lucion/work/arm/tool_chain/gcc-linaro-4.9.4-2017.01-x86_64_arm-linux-gnueabi/bin/../lib/gcc/arm-linux-gnueabi/4.9.4/../../../../arm-linux-gnueabi/include
 /home/lucion/work/arm/tool_chain/gcc-linaro-4.9.4-2017.01-x86_64_arm-linux-gnueabi/bin/../arm-linux-gnueabi/libc/usr/local/include
 /home/lucion/work/arm/tool_chain/gcc-linaro-4.9.4-2017.01-x86_64_arm-linux-gnueabi/bin/../arm-linux-gnueabi/libc/usr/include
End of search list.
GNU C++ (Linaro GCC 4.9-2017.01) version 4.9.4 (arm-linux-gnueabi)
	compiled by GNU C version 4.8.4, GMP version 6.0.0, MPFR version 3.1.3, MPC version 1.0.3
GGC heuristics: --param ggc-min-expand=100 --param ggc-min-heapsize=131072
Compiler executable checksum: 0c9f034967b634f3fea86d0675a9fa46
COLLECT_GCC_OPTIONS='-v' '-o' 'CMakeFiles/cmTC_276ee.dir/CMakeCXXCompilerABI.cpp.o' '-c' '-shared-libgcc' '-march=armv7-a' '-mtune=cortex-a9' '-mfloat-abi=soft' '-mfpu=vfpv3-d16' '-mthumb' '-mtls-dialect=gnu'
 /home/lucion/work/arm/tool_chain/gcc-linaro-4.9.4-2017.01-x86_64_arm-linux-gnueabi/bin/../lib/gcc/arm-linux-gnueabi/4.9.4/../../../../arm-linux-gnueabi/bin/as -v -march=armv7-a -mfloat-abi=soft -mfpu=vfpv3-d16 -meabi=5 -o CMakeFiles/cmTC_276ee.dir/CMakeCXXCompilerABI.cpp.o /tmp/cc7Fx1Ft.s
GNU assembler version 2.24.0 (arm-linux-gnueabi) using BFD version (Linaro_Binutils-2017.01) 2.24.0.20141017 Linaro 2014_11-3-git
COMPILER_PATH=/home/lucion/work/arm/tool_chain/gcc-linaro-4.9.4-2017.01-x86_64_arm-linux-gnueabi/bin/../libexec/gcc/arm-linux-gnueabi/4.9.4/:/home/lucion/work/arm/tool_chain/gcc-linaro-4.9.4-2017.01-x86_64_arm-linux-gnueabi/bin/../libexec/gcc/arm-linux-gnueabi/:/home/lucion/work/arm/tool_chain/gcc-linaro-4.9.4-2017.01-x86_64_arm-linux-gnueabi/bin/../libexec/gcc/:/home/lucion/work/arm/tool_chain/gcc-linaro-4.9.4-2017.01-x86_64_arm-linux-gnueabi/bin/../lib/gcc/arm-linux-gnueabi/4.9.4/../../../../arm-linux-gnueabi/bin/
LIBRARY_PATH=/home/lucion/work/arm/tool_chain/gcc-linaro-4.9.4-2017.01-x86_64_arm-linux-gnueabi/bin/../lib/gcc/arm-linux-gnueabi/4.9.4/:/home/lucion/work/arm/tool_chain/gcc-linaro-4.9.4-2017.01-x86_64_arm-linux-gnueabi/bin/../lib/gcc/arm-linux-gnueabi/:/home/lucion/work/arm/tool_chain/gcc-linaro-4.9.4-2017.01-x86_64_arm-linux-gnueabi/bin/../lib/gcc/:/home/lucion/work/arm/tool_chain/gcc-linaro-4.9.4-2017.01-x86_64_arm-linux-gnueabi/bin/../lib/gcc/arm-linux-gnueabi/4.9.4/../../../../arm-linux-gnueabi/lib/:/home/lucion/work/arm/tool_chain/gcc-linaro-4.9.4-2017.01-x86_64_arm-linux-gnueabi/bin/../arm-linux-gnueabi/libc/lib/:/home/lucion/work/arm/tool_chain/gcc-linaro-4.9.4-2017.01-x86_64_arm-linux-gnueabi/bin/../arm-linux-gnueabi/libc/usr/lib/
COLLECT_GCC_OPTIONS='-v' '-o' 'CMakeFiles/cmTC_276ee.dir/CMakeCXXCompilerABI.cpp.o' '-c' '-shared-libgcc' '-march=armv7-a' '-mtune=cortex-a9' '-mfloat-abi=soft' '-mfpu=vfpv3-d16' '-mthumb' '-mtls-dialect=gnu'
/usr/bin/cmake: /usr/local/lib/libcurl.so.4: no version information available (required by /usr/bin/cmake)
Linking CXX executable cmTC_276ee
/usr/bin/cmake -E cmake_link_script CMakeFiles/cmTC_276ee.dir/link.txt --verbose=1
/usr/bin/cmake: /usr/local/lib/libcurl.so.4: no version information available (required by /usr/bin/cmake)
/home/lucion/work/plugins/easecpm_ota/../tools/armv5l/arm-linux-gnueabi-g++  -v CMakeFiles/cmTC_276ee.dir/CMakeCXXCompilerABI.cpp.o -o cmTC_276ee 
Using built-in specs.
COLLECT_GCC=/home/lucion/work/plugins/easecpm_ota/../tools/armv5l/arm-linux-gnueabi-g++
COLLECT_LTO_WRAPPER=/home/lucion/work/arm/tool_chain/gcc-linaro-4.9.4-2017.01-x86_64_arm-linux-gnueabi/bin/../libexec/gcc/arm-linux-gnueabi/4.9.4/lto-wrapper
Target: arm-linux-gnueabi
Configured with: /home/tcwg-buildslave/workspace/tcwg-make-release/label/docker-trusty-amd64-tcwg-build/target/arm-linux-gnueabi/snapshots/gcc-linaro-4.9-2017.01/configure SHELL=/bin/bash --with-mpc=/home/tcwg-buildslave/workspace/tcwg-make-release/label/docker-trusty-amd64-tcwg-build/target/arm-linux-gnueabi/_build/builds/destdir/x86_64-unknown-linux-gnu --with-mpfr=/home/tcwg-buildslave/workspace/tcwg-make-release/label/docker-trusty-amd64-tcwg-build/target/arm-linux-gnueabi/_build/builds/destdir/x86_64-unknown-linux-gnu --with-gmp=/home/tcwg-buildslave/workspace/tcwg-make-release/label/docker-trusty-amd64-tcwg-build/target/arm-linux-gnueabi/_build/builds/destdir/x86_64-unknown-linux-gnu --with-gnu-as --with-gnu-ld --disable-libmudflap --enable-lto --enable-objc-gc --enable-shared --without-included-gettext --enable-nls --disable-sjlj-exceptions --enable-gnu-unique-object --enable-linker-build-id --disable-libstdcxx-pch --enable-c99 --enable-clocale=gnu --enable-libstdcxx-debug --enable-long-long --with-cloog=no --with-ppl=no --with-isl=no --disable-multilib --with-float=soft --with-mode=thumb --with-tune=cortex-a9 --with-arch=armv7-a --with-fpu=vfpv3-d16 --enable-threads=posix --enable-multiarch --enable-libstdcxx-time=yes --with-build-sysroot=/home/tcwg-buildslave/workspace/tcwg-make-release/label/docker-trusty-amd64-tcwg-build/target/arm-linux-gnueabi/_build/sysroots/arm-linux-gnueabi --with-sysroot=/home/tcwg-buildslave/workspace/tcwg-make-release/label/docker-trusty-amd64-tcwg-build/target/arm-linux-gnueabi/_build/builds/destdir/x86_64-unknown-linux-gnu/arm-linux-gnueabi/libc --enable-checking=release --disable-bootstrap --enable-languages=c,c++,fortran,lto --build=x86_64-unknown-linux-gnu --host=x86_64-unknown-linux-gnu --target=arm-linux-gnueabi --prefix=/home/tcwg-buildslave/workspace/tcwg-make-release/label/docker-trusty-amd64-tcwg-build/target/arm-linux-gnueabi/_build/builds/destdir/x86_64-unknown-linux-gnu
Thread model: posix
gcc version 4.9.4 (Linaro GCC 4.9-2017.01) 
COMPILER_PATH=/home/lucion/work/arm/tool_chain/gcc-linaro-4.9.4-2017.01-x86_64_arm-linux-gnueabi/bin/../libexec/gcc/arm-linux-gnueabi/4.9.4/:/home/lucion/work/arm/tool_chain/gcc-linaro-4.9.4-2017.01-x86_64_arm-linux-gnueabi/bin/../libexec/gcc/arm-linux-gnueabi/:/home/lucion/work/arm/tool_chain/gcc-linaro-4.9.4-2017.01-x86_64_arm-linux-gnueabi/bin/../libexec/gcc/:/home/lucion/work/arm/tool_chain/gcc-linaro-4.9.4-2017.01-x86_64_arm-linux-gnueabi/bin/../lib/gcc/arm-linux-gnueabi/4.9.4/../../../../arm-linux-gnueabi/bin/
LIBRARY_PATH=/home/lucion/work/arm/tool_chain/gcc-linaro-4.9.4-2017.01-x86_64_arm-linux-gnueabi/bin/../lib/gcc/arm-linux-gnueabi/4.9.4/:/home/lucion/work/arm/tool_chain/gcc-linaro-4.9.4-2017.01-x86_64_arm-linux-gnueabi/bin/../lib/gcc/arm-linux-gnueabi/:/home/lucion/work/arm/tool_chain/gcc-linaro-4.9.4-2017.01-x86_64_arm-linux-gnueabi/bin/../lib/gcc/:/home/lucion/work/arm/tool_chain/gcc-linaro-4.9.4-2017.01-x86_64_arm-linux-gnueabi/bin/../lib/gcc/arm-linux-gnueabi/4.9.4/../../../../arm-linux-gnueabi/lib/:/home/lucion/work/arm/tool_chain/gcc-linaro-4.9.4-2017.01-x86_64_arm-linux-gnueabi/bin/../arm-linux-gnueabi/libc/lib/:/home/lucion/work/arm/tool_chain/gcc-linaro-4.9.4-2017.01-x86_64_arm-linux-gnueabi/bin/../arm-linux-gnueabi/libc/usr/lib/
COLLECT_GCC_OPTIONS='-v' '-o' 'cmTC_276ee' '-shared-libgcc' '-march=armv7-a' '-mtune=cortex-a9' '-mfloat-abi=soft' '-mfpu=vfpv3-d16' '-mthumb' '-mtls-dialect=gnu'
 /home/lucion/work/arm/tool_chain/gcc-linaro-4.9.4-2017.01-x86_64_arm-linux-gnueabi/bin/../libexec/gcc/arm-linux-gnueabi/4.9.4/collect2 -plugin /home/lucion/work/arm/tool_chain/gcc-linaro-4.9.4-2017.01-x86_64_arm-linux-gnueabi/bin/../libexec/gcc/arm-linux-gnueabi/4.9.4/liblto_plugin.so -plugin-opt=/home/lucion/work/arm/tool_chain/gcc-linaro-4.9.4-2017.01-x86_64_arm-linux-gnueabi/bin/../libexec/gcc/arm-linux-gnueabi/4.9.4/lto-wrapper -plugin-opt=-fresolution=/tmp/cctYH0Zv.res -plugin-opt=-pass-through=-lgcc_s -plugin-opt=-pass-through=-lgcc -plugin-opt=-pass-through=-lc -plugin-opt=-pass-through=-lgcc_s -plugin-opt=-pass-through=-lgcc --sysroot=/home/lucion/work/arm/tool_chain/gcc-linaro-4.9.4-2017.01-x86_64_arm-linux-gnueabi/bin/../arm-linux-gnueabi/libc --build-id --eh-frame-hdr -dynamic-linker /lib/ld-linux.so.3 -X -m armelf_linux_eabi -o cmTC_276ee /home/lucion/work/arm/tool_chain/gcc-linaro-4.9.4-2017.01-x86_64_arm-linux-gnueabi/bin/../arm-linux-gnueabi/libc/usr/lib/crt1.o /home/lucion/work/arm/tool_chain/gcc-linaro-4.9.4-2017.01-x86_64_arm-linux-gnueabi/bin/../arm-linux-gnueabi/libc/usr/lib/crti.o /home/lucion/work/arm/tool_chain/gcc-linaro-4.9.4-2017.01-x86_64_arm-linux-gnueabi/bin/../lib/gcc/arm-linux-gnueabi/4.9.4/crtbegin.o -L/home/lucion/work/arm/tool_chain/gcc-linaro-4.9.4-2017.01-x86_64_arm-linux-gnueabi/bin/../lib/gcc/arm-linux-gnueabi/4.9.4 -L/home/lucion/work/arm/tool_chain/gcc-linaro-4.9.4-2017.01-x86_64_arm-linux-gnueabi/bin/../lib/gcc/arm-linux-gnueabi -L/home/lucion/work/arm/tool_chain/gcc-linaro-4.9.4-2017.01-x86_64_arm-linux-gnueabi/bin/../lib/gcc -L/home/lucion/work/arm/tool_chain/gcc-linaro-4.9.4-2017.01-x86_64_arm-linux-gnueabi/bin/../lib/gcc/arm-linux-gnueabi/4.9.4/../../../../arm-linux-gnueabi/lib -L/home/lucion/work/arm/tool_chain/gcc-linaro-4.9.4-2017.01-x86_64_arm-linux-gnueabi/bin/../arm-linux-gnueabi/libc/lib -L/home/lucion/work/arm/tool_chain/gcc-linaro-4.9.4-2017.01-x86_64_arm-linux-gnueabi/bin/../arm-linux-gnueabi/libc/usr/lib CMakeFiles/cmTC_276ee.dir/CMakeCXXCompilerABI.cpp.o -lstdc++ -lm -lgcc_s -lgcc -lc -lgcc_s -lgcc /home/lucion/work/arm/tool_chain/gcc-linaro-4.9.4-2017.01-x86_64_arm-linux-gnueabi/bin/../lib/gcc/arm-linux-gnueabi/4.9.4/crtend.o /home/lucion/work/arm/tool_chain/gcc-linaro-4.9.4-2017.01-x86_64_arm-linux-gnueabi/bin/../arm-linux-gnueabi/libc/usr/lib/crtn.o
gmake[1]: Leaving directory '/home/lucion/work/plugins/easecpm_ota/build/CMakeFiles/CMakeTmp'



Parsed CXX implicit include dir info from above output: rv=done
  found start of include info
  found start of implicit include info
    add: [/home/lucion/work/arm/tool_chain/gcc-linaro-4.9.4-2017.01-x86_64_arm-linux-gnueabi/bin/../lib/gcc/arm-linux-gnueabi/4.9.4/../../../../arm-linux-gnueabi/include/c++/4.9.4]
    add: [/home/lucion/work/arm/tool_chain/gcc-linaro-4.9.4-2017.01-x86_64_arm-linux-gnueabi/bin/../lib/gcc/arm-linux-gnueabi/4.9.4/../../../../arm-linux-gnueabi/include/c++/4.9.4/arm-linux-gnueabi/.]
    add: [/home/lucion/work/arm/tool_chain/gcc-linaro-4.9.4-2017.01-x86_64_arm-linux-gnueabi/bin/../lib/gcc/arm-linux-gnueabi/4.9.4/../../../../arm-linux-gnueabi/include/c++/4.9.4/backward]
    add: [/home/lucion/work/arm/tool_chain/gcc-linaro-4.9.4-2017.01-x86_64_arm-linux-gnueabi/bin/../lib/gcc/arm-linux-gnueabi/4.9.4/include]
    add: [/home/lucion/work/arm/tool_chain/gcc-linaro-4.9.4-2017.01-x86_64_arm-linux-gnueabi/bin/../lib/gcc/arm-linux-gnueabi/4.9.4/include-fixed]
    add: [/home/lucion/work/arm/tool_chain/gcc-linaro-4.9.4-2017.01-x86_64_arm-linux-gnueabi/bin/../lib/gcc/arm-linux-gnueabi/4.9.4/../../../../arm-linux-gnueabi/include]
    add: [/home/lucion/work/arm/tool_chain/gcc-linaro-4.9.4-2017.01-x86_64_arm-linux-gnueabi/bin/../arm-linux-gnueabi/libc/usr/local/include]
    add: [/home/lucion/work/arm/tool_chain/gcc-linaro-4.9.4-2017.01-x86_64_arm-linux-gnueabi/bin/../arm-linux-gnueabi/libc/usr/include]
  end of search list found
  collapse include dir [/home/lucion/work/arm/tool_chain/gcc-linaro-4.9.4-2017.01-x86_64_arm-linux-gnueabi/bin/../lib/gcc/arm-linux-gnueabi/4.9.4/../../../../arm-linux-gnueabi/include/c++/4.9.4] ==> [/home/lucion/work/arm/tool_chain/gcc-linaro-4.9.4-2017.01-x86_64_arm-linux-gnueabi/arm-linux-gnueabi/include/c++/4.9.4]
  collapse include dir [/home/lucion/work/arm/tool_chain/gcc-linaro-4.9.4-2017.01-x86_64_arm-linux-gnueabi/bin/../lib/gcc/arm-linux-gnueabi/4.9.4/../../../../arm-linux-gnueabi/include/c++/4.9.4/arm-linux-gnueabi/.] ==> [/home/lucion/work/arm/tool_chain/gcc-linaro-4.9.4-2017.01-x86_64_arm-linux-gnueabi/arm-linux-gnueabi/include/c++/4.9.4/arm-linux-gnueabi]
  collapse include dir [/home/lucion/work/arm/tool_chain/gcc-linaro-4.9.4-2017.01-x86_64_arm-linux-gnueabi/bin/../lib/gcc/arm-linux-gnueabi/4.9.4/../../../../arm-linux-gnueabi/include/c++/4.9.4/backward] ==> [/home/lucion/work/arm/tool_chain/gcc-linaro-4.9.4-2017.01-x86_64_arm-linux-gnueabi/arm-linux-gnueabi/include/c++/4.9.4/backward]
  collapse include dir [/home/lucion/work/arm/tool_chain/gcc-linaro-4.9.4-2017.01-x86_64_arm-linux-gnueabi/bin/../lib/gcc/arm-linux-gnueabi/4.9.4/include] ==> [/home/lucion/work/arm/tool_chain/gcc-linaro-4.9.4-2017.01-x86_64_arm-linux-gnueabi/lib/gcc/arm-linux-gnueabi/4.9.4/include]
  collapse include dir [/home/lucion/work/arm/tool_chain/gcc-linaro-4.9.4-2017.01-x86_64_arm-linux-gnueabi/bin/../lib/gcc/arm-linux-gnueabi/4.9.4/include-fixed] ==> [/home/lucion/work/arm/tool_chain/gcc-linaro-4.9.4-2017.01-x86_64_arm-linux-gnueabi/lib/gcc/arm-linux-gnueabi/4.9.4/include-fixed]
  collapse include dir [/home/lucion/work/arm/tool_chain/gcc-linaro-4.9.4-2017.01-x86_64_arm-linux-gnueabi/bin/../lib/gcc/arm-linux-gnueabi/4.9.4/../../../../arm-linux-gnueabi/include] ==> [/home/lucion/work/arm/tool_chain/gcc-linaro-4.9.4-2017.01-x86_64_arm-linux-gnueabi/arm-linux-gnueabi/include]
  collapse include dir [/home/lucion/work/arm/tool_chain/gcc-linaro-4.9.4-2017.01-x86_64_arm-linux-gnueabi/bin/../arm-linux-gnueabi/libc/usr/local/include] ==> [/home/lucion/work/arm/tool_chain/gcc-linaro-4.9.4-2017.01-x86_64_arm-linux-gnueabi/arm-linux-gnueabi/libc/usr/local/include]
  collapse include dir [/home/lucion/work/arm/tool_chain/gcc-linaro-4.9.4-2017.01-x86_64_arm-linux-gnueabi/bin/../arm-linux-gnueabi/libc/usr/include] ==> [/home/lucion/work/arm/tool_chain/gcc-linaro-4.9.4-2017.01-x86_64_arm-linux-gnueabi/arm-linux-gnueabi/libc/usr/include]
  implicit include dirs: [/home/lucion/work/arm/tool_chain/gcc-linaro-4.9.4-2017.01-x86_64_arm-linux-gnueabi/arm-linux-gnueabi/include/c++/4.9.4;/home/lucion/work/arm/tool_chain/gcc-linaro-4.9.4-2017.01-x86_64_arm-linux-gnueabi/arm-linux-gnueabi/include/c++/4.9.4/arm-linux-gnueabi;/home/lucion/work/arm/tool_chain/gcc-linaro-4.9.4-2017.01-x86_64_arm-linux-gnueabi/arm-linux-gnueabi/include/c++/4.9.4/backward;/home/lucion/work/arm/tool_chain/gcc-linaro-4.9.4-2017.01-x86_64_arm-linux-gnueabi/lib/gcc/arm-linux-gnueabi/4.9.4/include;/home/lucion/work/arm/tool_chain/gcc-linaro-4.9.4-2017.01-x86_64_arm-linux-gnueabi/lib/gcc/arm-linux-gnueabi/4.9.4/include-fixed;/home/lucion/work/arm/tool_chain/gcc-linaro-4.9.4-2017.01-x86_64_arm-linux-gnueabi/arm-linux-gnueabi/include;/home/lucion/work/arm/tool_chain/gcc-linaro-4.9.4-2017.01-x86_64_arm-linux-gnueabi/arm-linux-gnueabi/libc/usr/local/include;/home/lucion/work/arm/tool_chain/gcc-linaro-4.9.4-2017.01-x86_64_arm-linux-gnueabi/arm-linux-gnueabi/libc/usr/include]


Parsed CXX implicit link information from above output:
  link line regex: [^( *|.*[/\])(arm-linux-gnueabi-ld|CMAKE_LINK_STARTFILE-NOTFOUND|([^/\]+-)?ld|collect2)[^/\]*( |$)]
  ignore line: [Change Dir: /home/lucion/work/plugins/easecpm_ota/build/CMakeFiles/CMakeTmp]
  ignore line: []
  ignore line: [Run Build Command(s):/usr/bin/gmake -f Makefile cmTC_276ee/fast && /usr/bin/gmake  -f CMakeFiles/cmTC_276ee.dir/build.make CMakeFiles/cmTC_276ee.dir/build]
  ignore line: [gmake[1]: Entering directory '/home/lucion/work/plugins/easecpm_ota/build/CMakeFiles/CMakeTmp']
  ignore line: [/usr/bin/cmake: /usr/local/lib/libcurl.so.4: no version information available (required by /usr/bin/cmake)]
  ignore line: [Building CXX object CMakeFiles/cmTC_276ee.dir/CMakeCXXCompilerABI.cpp.o]
  ignore line: [/home/lucion/work/plugins/easecpm_ota/../tools/armv5l/arm-linux-gnueabi-g++   -v -o CMakeFiles/cmTC_276ee.dir/CMakeCXXCompilerABI.cpp.o -c /usr/share/cmake-3.22/Modules/CMakeCXXCompilerABI.cpp]
  ignore line: [Using built-in specs.]
  ignore line: [COLLECT_GCC=/home/lucion/work/plugins/easecpm_ota/../tools/armv5l/arm-linux-gnueabi-g++]
  ignore line: [Target: arm-linux-gnueabi]
  ignore line: [Configured with: /home/tcwg-buildslave/workspace/tcwg-make-release/label/docker-trusty-amd64-tcwg-build/target/arm-linux-gnueabi/snapshots/gcc-linaro-4.9-2017.01/configure SHELL=/bin/bash --with-mpc=/home/tcwg-buildslave/workspace/tcwg-make-release/label/docker-trusty-amd64-tcwg-build/target/arm-linux-gnueabi/_build/builds/destdir/x86_64-unknown-linux-gnu --with-mpfr=/home/tcwg-buildslave/workspace/tcwg-make-release/label/docker-trusty-amd64-tcwg-build/target/arm-linux-gnueabi/_build/builds/destdir/x86_64-unknown-linux-gnu --with-gmp=/home/tcwg-buildslave/workspace/tcwg-make-release/label/docker-trusty-amd64-tcwg-build/target/arm-linux-gnueabi/_build/builds/destdir/x86_64-unknown-linux-gnu --with-gnu-as --with-gnu-ld --disable-libmudflap --enable-lto --enable-objc-gc --enable-shared --without-included-gettext --enable-nls --disable-sjlj-exceptions --enable-gnu-unique-object --enable-linker-build-id --disable-libstdcxx-pch --enable-c99 --enable-clocale=gnu --enable-libstdcxx-debug --enable-long-long --with-cloog=no --with-ppl=no --with-isl=no --disable-multilib --with-float=soft --with-mode=thumb --with-tune=cortex-a9 --with-arch=armv7-a --with-fpu=vfpv3-d16 --enable-threads=posix --enable-multiarch --enable-libstdcxx-time=yes --with-build-sysroot=/home/tcwg-buildslave/workspace/tcwg-make-release/label/docker-trusty-amd64-tcwg-build/target/arm-linux-gnueabi/_build/sysroots/arm-linux-gnueabi --with-sysroot=/home/tcwg-buildslave/workspace/tcwg-make-release/label/docker-trusty-amd64-tcwg-build/target/arm-linux-gnueabi/_build/builds/destdir/x86_64-unknown-linux-gnu/arm-linux-gnueabi/libc --enable-checking=release --disable-bootstrap --enable-languages=c,c++,fortran,lto --build=x86_64-unknown-linux-gnu --host=x86_64-unknown-linux-gnu --target=arm-linux-gnueabi --prefix=/home/tcwg-buildslave/workspace/tcwg-make-release/label/docker-trusty-amd64-tcwg-build/target/arm-linux-gnueabi/_build/builds/destdir/x86_64-unknown-linux-gnu]
  ignore line: [Thread model: posix]
  ignore line: [gcc version 4.9.4 (Linaro GCC 4.9-2017.01) ]
  ignore line: [COLLECT_GCC_OPTIONS='-v' '-o' 'CMakeFiles/cmTC_276ee.dir/CMakeCXXCompilerABI.cpp.o' '-c' '-shared-libgcc' '-march=armv7-a' '-mtune=cortex-a9' '-mfloat-abi=soft' '-mfpu=vfpv3-d16' '-mthumb' '-mtls-dialect=gnu']
  ignore line: [ /home/lucion/work/arm/tool_chain/gcc-linaro-4.9.4-2017.01-x86_64_arm-linux-gnueabi/bin/../libexec/gcc/arm-linux-gnueabi/4.9.4/cc1plus -quiet -v -imultilib . -imultiarch arm-linux-gnueabi -iprefix /home/lucion/work/arm/tool_chain/gcc-linaro-4.9.4-2017.01-x86_64_arm-linux-gnueabi/bin/../lib/gcc/arm-linux-gnueabi/4.9.4/ -isysroot /home/lucion/work/arm/tool_chain/gcc-linaro-4.9.4-2017.01-x86_64_arm-linux-gnueabi/bin/../arm-linux-gnueabi/libc -D_GNU_SOURCE /usr/share/cmake-3.22/Modules/CMakeCXXCompilerABI.cpp -quiet -dumpbase CMakeCXXCompilerABI.cpp -march=armv7-a -mtune=cortex-a9 -mfloat-abi=soft -mfpu=vfpv3-d16 -mthumb -mtls-dialect=gnu -auxbase-strip CMakeFiles/cmTC_276ee.dir/CMakeCXXCompilerABI.cpp.o -version -o /tmp/cc7Fx1Ft.s]
  ignore line: [GNU C++ (Linaro GCC 4.9-2017.01) version 4.9.4 (arm-linux-gnueabi)]
  ignore line: [	compiled by GNU C version 4.8.4  GMP version 6.0.0  MPFR version 3.1.3  MPC version 1.0.3]
  ignore line: [GGC heuristics: --param ggc-min-expand=100 --param ggc-min-heapsize=131072]
  ignore line: [ignoring duplicate directory "/home/lucion/work/arm/tool_chain/gcc-linaro-4.9.4-2017.01-x86_64_arm-linux-gnueabi/bin/../lib/gcc/../../lib/gcc/arm-linux-gnueabi/4.9.4/../../../../arm-linux-gnueabi/include/c++/4.9.4"]
  ignore line: [ignoring duplicate directory "/home/lucion/work/arm/tool_chain/gcc-linaro-4.9.4-2017.01-x86_64_arm-linux-gnueabi/bin/../lib/gcc/../../lib/gcc/arm-linux-gnueabi/4.9.4/../../../../arm-linux-gnueabi/include/c++/4.9.4/arm-linux-gnueabi/."]
  ignore line: [ignoring duplicate directory "/home/lucion/work/arm/tool_chain/gcc-linaro-4.9.4-2017.01-x86_64_arm-linux-gnueabi/bin/../lib/gcc/../../lib/gcc/arm-linux-gnueabi/4.9.4/../../../../arm-linux-gnueabi/include/c++/4.9.4/backward"]
  ignore line: [ignoring duplicate directory "/home/lucion/work/arm/tool_chain/gcc-linaro-4.9.4-2017.01-x86_64_arm-linux-gnueabi/bin/../lib/gcc/../../lib/gcc/arm-linux-gnueabi/4.9.4/include"]
  ignore line: [ignoring nonexistent directory "/home/lucion/work/arm/tool_chain/gcc-linaro-4.9.4-2017.01-x86_64_arm-linux-gnueabi/bin/../arm-linux-gnueabi/libc/usr/local/include/arm-linux-gnueabi"]
  ignore line: [ignoring duplicate directory "/home/lucion/work/arm/tool_chain/gcc-linaro-4.9.4-2017.01-x86_64_arm-linux-gnueabi/bin/../lib/gcc/../../lib/gcc/arm-linux-gnueabi/4.9.4/include-fixed"]
  ignore line: [ignoring duplicate directory "/home/lucion/work/arm/tool_chain/gcc-linaro-4.9.4-2017.01-x86_64_arm-linux-gnueabi/bin/../lib/gcc/../../lib/gcc/arm-linux-gnueabi/4.9.4/../../../../arm-linux-gnueabi/include"]
  ignore line: [ignoring nonexistent directory "/home/lucion/work/arm/tool_chain/gcc-linaro-4.9.4-2017.01-x86_64_arm-linux-gnueabi/bin/../arm-linux-gnueabi/libc/usr/include/arm-linux-gnueabi"]
  ignore line: [#include "..." search starts here:]
  ignore line: [#include <...> search starts here:]
  ignore line: [ /home/lucion/work/arm/tool_chain/gcc-linaro-4.9.4-2017.01-x86_64_arm-linux-gnueabi/bin/../lib/gcc/arm-linux-gnueabi/4.9.4/../../../../arm-linux-gnueabi/include/c++/4.9.4]
  ignore line: [ /home/lucion/work/arm/tool_chain/gcc-linaro-4.9.4-2017.01-x86_64_arm-linux-gnueabi/bin/../lib/gcc/arm-linux-gnueabi/4.9.4/../../../../arm-linux-gnueabi/include/c++/4.9.4/arm-linux-gnueabi/.]
  ignore line: [ /home/lucion/work/arm/tool_chain/gcc-linaro-4.9.4-2017.01-x86_64_arm-linux-gnueabi/bin/../lib/gcc/arm-linux-gnueabi/4.9.4/../../../../arm-linux-gnueabi/include/c++/4.9.4/backward]
  ignore line: [ /home/lucion/work/arm/tool_chain/gcc-linaro-4.9.4-2017.01-x86_64_arm-linux-gnueabi/bin/../lib/gcc/arm-linux-gnueabi/4.9.4/include]
  ignore line: [ /home/lucion/work/arm/tool_chain/gcc-linaro-4.9.4-2017.01-x86_64_arm-linux-gnueabi/bin/../lib/gcc/arm-linux-gnueabi/4.9.4/include-fixed]
  ignore line: [ /home/lucion/work/arm/tool_chain/gcc-linaro-4.9.4-2017.01-x86_64_arm-linux-gnueabi/bin/../lib/gcc/arm-linux-gnueabi/4.9.4/../../../../arm-linux-gnueabi/include]
  ignore line: [ /home/lucion/work/arm/tool_chain/gcc-linaro-4.9.4-2017.01-x86_64_arm-linux-gnueabi/bin/../arm-linux-gnueabi/libc/usr/local/include]
  ignore line: [ /home/lucion/work/arm/tool_chain/gcc-linaro-4.9.4-2017.01-x86_64_arm-linux-gnueabi/bin/../arm-linux-gnueabi/libc/usr/include]
  ignore line: [End of search list.]
  ignore line: [GNU C++ (Linaro GCC 4.9-2017.01) version 4.9.4 (arm-linux-gnueabi)]
  ignore line: [	compiled by GNU C version 4.8.4  GMP version 6.0.0  MPFR version 3.1.3  MPC version 1.0.3]
  ignore line: [GGC heuristics: --param ggc-min-expand=100 --param ggc-min-heapsize=131072]
  ignore line: [Compiler executable checksum: 0c9f034967b634f3fea86d0675a9fa46]
  ignore line: [COLLECT_GCC_OPTIONS='-v' '-o' 'CMakeFiles/cmTC_276ee.dir/CMakeCXXCompilerABI.cpp.o' '-c' '-shared-libgcc' '-march=armv7-a' '-mtune=cortex-a9' '-mfloat-abi=soft' '-mfpu=vfpv3-d16' '-mthumb' '-mtls-dialect=gnu']
  ignore line: [ /home/lucion/work/arm/tool_chain/gcc-linaro-4.9.4-2017.01-x86_64_arm-linux-gnueabi/bin/../lib/gcc/arm-linux-gnueabi/4.9.4/../../../../arm-linux-gnueabi/bin/as -v -march=armv7-a -mfloat-abi=soft -mfpu=vfpv3-d16 -meabi=5 -o CMakeFiles/cmTC_276ee.dir/CMakeCXXCompilerABI.cpp.o /tmp/cc7Fx1Ft.s]
  ignore line: [GNU assembler version 2.24.0 (arm-linux-gnueabi) using BFD version (Linaro_Binutils-2017.01) 2.24.0.20141017 Linaro 2014_11-3-git]
  ignore line: [COMPILER_PATH=/home/lucion/work/arm/tool_chain/gcc-linaro-4.9.4-2017.01-x86_64_arm-linux-gnueabi/bin/../libexec/gcc/arm-linux-gnueabi/4.9.4/:/home/lucion/work/arm/tool_chain/gcc-linaro-4.9.4-2017.01-x86_64_arm-linux-gnueabi/bin/../libexec/gcc/arm-linux-gnueabi/:/home/lucion/work/arm/tool_chain/gcc-linaro-4.9.4-2017.01-x86_64_arm-linux-gnueabi/bin/../libexec/gcc/:/home/lucion/work/arm/tool_chain/gcc-linaro-4.9.4-2017.01-x86_64_arm-linux-gnueabi/bin/../lib/gcc/arm-linux-gnueabi/4.9.4/../../../../arm-linux-gnueabi/bin/]
  ignore line: [LIBRARY_PATH=/home/lucion/work/arm/tool_chain/gcc-linaro-4.9.4-2017.01-x86_64_arm-linux-gnueabi/bin/../lib/gcc/arm-linux-gnueabi/4.9.4/:/home/lucion/work/arm/tool_chain/gcc-linaro-4.9.4-2017.01-x86_64_arm-linux-gnueabi/bin/../lib/gcc/arm-linux-gnueabi/:/home/lucion/work/arm/tool_chain/gcc-linaro-4.9.4-2017.01-x86_64_arm-linux-gnueabi/bin/../lib/gcc/:/home/lucion/work/arm/tool_chain/gcc-linaro-4.9.4-2017.01-x86_64_arm-linux-gnueabi/bin/../lib/gcc/arm-linux-gnueabi/4.9.4/../../../../arm-linux-gnueabi/lib/:/home/lucion/work/arm/tool_chain/gcc-linaro-4.9.4-2017.01-x86_64_arm-linux-gnueabi/bin/../arm-linux-gnueabi/libc/lib/:/home/lucion/work/arm/tool_chain/gcc-linaro-4.9.4-2017.01-x86_64_arm-linux-gnueabi/bin/../arm-linux-gnueabi/libc/usr/lib/]
  ignore line: [COLLECT_GCC_OPTIONS='-v' '-o' 'CMakeFiles/cmTC_276ee.dir/CMakeCXXCompilerABI.cpp.o' '-c' '-shared-libgcc' '-march=armv7-a' '-mtune=cortex-a9' '-mfloat-abi=soft' '-mfpu=vfpv3-d16' '-mthumb' '-mtls-dialect=gnu']
  ignore line: [/usr/bin/cmake: /usr/local/lib/libcurl.so.4: no version information available (required by /usr/bin/cmake)]
  ignore line: [Linking CXX executable cmTC_276ee]
  ignore line: [/usr/bin/cmake -E cmake_link_script CMakeFiles/cmTC_276ee.dir/link.txt --verbose=1]
  ignore line: [/usr/bin/cmake: /usr/local/lib/libcurl.so.4: no version information available (required by /usr/bin/cmake)]
  ignore line: [/home/lucion/work/plugins/easecpm_ota/../tools/armv5l/arm-linux-gnueabi-g++  -v CMakeFiles/cmTC_276ee.dir/CMakeCXXCompilerABI.cpp.o -o cmTC_276ee ]
  ignore line: [Using built-in specs.]
  ignore line: [COLLECT_GCC=/home/lucion/work/plugins/easecpm_ota/../tools/armv5l/arm-linux-gnueabi-g++]
  ignore line: [COLLECT_LTO_WRAPPER=/home/lucion/work/arm/tool_chain/gcc-linaro-4.9.4-2017.01-x86_64_arm-linux-gnueabi/bin/../libexec/gcc/arm-linux-gnueabi/4.9.4/lto-wrapper]
  ignore line: [Target: arm-linux-gnueabi]
  ignore line: [Configured with: /home/tcwg-buildslave/workspace/tcwg-make-release/label/docker-trusty-amd64-tcwg-build/target/arm-linux-gnueabi/snapshots/gcc-linaro-4.9-2017.01/configure SHELL=/bin/bash --with-mpc=/home/tcwg-buildslave/workspace/tcwg-make-release/label/docker-trusty-amd64-tcwg-build/target/arm-linux-gnueabi/_build/builds/destdir/x86_64-unknown-linux-gnu --with-mpfr=/home/tcwg-buildslave/workspace/tcwg-make-release/label/docker-trusty-amd64-tcwg-build/target/arm-linux-gnueabi/_build/builds/destdir/x86_64-unknown-linux-gnu --with-gmp=/home/tcwg-buildslave/workspace/tcwg-make-release/label/docker-trusty-amd64-tcwg-build/target/arm-linux-gnueabi/_build/builds/destdir/x86_64-unknown-linux-gnu --with-gnu-as --with-gnu-ld --disable-libmudflap --enable-lto --enable-objc-gc --enable-shared --without-included-gettext --enable-nls --disable-sjlj-exceptions --enable-gnu-unique-object --enable-linker-build-id --disable-libstdcxx-pch --enable-c99 --enable-clocale=gnu --enable-libstdcxx-debug --enable-long-long --with-cloog=no --with-ppl=no --with-isl=no --disable-multilib --with-float=soft --with-mode=thumb --with-tune=cortex-a9 --with-arch=armv7-a --with-fpu=vfpv3-d16 --enable-threads=posix --enable-multiarch --enable-libstdcxx-time=yes --with-build-sysroot=/home/tcwg-buildslave/workspace/tcwg-make-release/label/docker-trusty-amd64-tcwg-build/target/arm-linux-gnueabi/_build/sysroots/arm-linux-gnueabi --with-sysroot=/home/tcwg-buildslave/workspace/tcwg-make-release/label/docker-trusty-amd64-tcwg-build/target/arm-linux-gnueabi/_build/builds/destdir/x86_64-unknown-linux-gnu/arm-linux-gnueabi/libc --enable-checking=release --disable-bootstrap --enable-languages=c,c++,fortran,lto --build=x86_64-unknown-linux-gnu --host=x86_64-unknown-linux-gnu --target=arm-linux-gnueabi --prefix=/home/tcwg-buildslave/workspace/tcwg-make-release/label/docker-trusty-amd64-tcwg-build/target/arm-linux-gnueabi/_build/builds/destdir/x86_64-unknown-linux-gnu]
  ignore line: [Thread model: posix]
  ignore line: [gcc version 4.9.4 (Linaro GCC 4.9-2017.01) ]
  ignore line: [COMPILER_PATH=/home/lucion/work/arm/tool_chain/gcc-linaro-4.9.4-2017.01-x86_64_arm-linux-gnueabi/bin/../libexec/gcc/arm-linux-gnueabi/4.9.4/:/home/lucion/work/arm/tool_chain/gcc-linaro-4.9.4-2017.01-x86_64_arm-linux-gnueabi/bin/../libexec/gcc/arm-linux-gnueabi/:/home/lucion/work/arm/tool_chain/gcc-linaro-4.9.4-2017.01-x86_64_arm-linux-gnueabi/bin/../libexec/gcc/:/home/lucion/work/arm/tool_chain/gcc-linaro-4.9.4-2017.01-x86_64_arm-linux-gnueabi/bin/../lib/gcc/arm-linux-gnueabi/4.9.4/../../../../arm-linux-gnueabi/bin/]
  ignore line: [LIBRARY_PATH=/home/lucion/work/arm/tool_chain/gcc-linaro-4.9.4-2017.01-x86_64_arm-linux-gnueabi/bin/../lib/gcc/arm-linux-gnueabi/4.9.4/:/home/lucion/work/arm/tool_chain/gcc-linaro-4.9.4-2017.01-x86_64_arm-linux-gnueabi/bin/../lib/gcc/arm-linux-gnueabi/:/home/lucion/work/arm/tool_chain/gcc-linaro-4.9.4-2017.01-x86_64_arm-linux-gnueabi/bin/../lib/gcc/:/home/lucion/work/arm/tool_chain/gcc-linaro-4.9.4-2017.01-x86_64_arm-linux-gnueabi/bin/../lib/gcc/arm-linux-gnueabi/4.9.4/../../../../arm-linux-gnueabi/lib/:/home/lucion/work/arm/tool_chain/gcc-linaro-4.9.4-2017.01-x86_64_arm-linux-gnueabi/bin/../arm-linux-gnueabi/libc/lib/:/home/lucion/work/arm/tool_chain/gcc-linaro-4.9.4-2017.01-x86_64_arm-linux-gnueabi/bin/../arm-linux-gnueabi/libc/usr/lib/]
  ignore line: [COLLECT_GCC_OPTIONS='-v' '-o' 'cmTC_276ee' '-shared-libgcc' '-march=armv7-a' '-mtune=cortex-a9' '-mfloat-abi=soft' '-mfpu=vfpv3-d16' '-mthumb' '-mtls-dialect=gnu']
  link line: [ /home/lucion/work/arm/tool_chain/gcc-linaro-4.9.4-2017.01-x86_64_arm-linux-gnueabi/bin/../libexec/gcc/arm-linux-gnueabi/4.9.4/collect2 -plugin /home/lucion/work/arm/tool_chain/gcc-linaro-4.9.4-2017.01-x86_64_arm-linux-gnueabi/bin/../libexec/gcc/arm-linux-gnueabi/4.9.4/liblto_plugin.so -plugin-opt=/home/lucion/work/arm/tool_chain/gcc-linaro-4.9.4-2017.01-x86_64_arm-linux-gnueabi/bin/../libexec/gcc/arm-linux-gnueabi/4.9.4/lto-wrapper -plugin-opt=-fresolution=/tmp/cctYH0Zv.res -plugin-opt=-pass-through=-lgcc_s -plugin-opt=-pass-through=-lgcc -plugin-opt=-pass-through=-lc -plugin-opt=-pass-through=-lgcc_s -plugin-opt=-pass-through=-lgcc --sysroot=/home/lucion/work/arm/tool_chain/gcc-linaro-4.9.4-2017.01-x86_64_arm-linux-gnueabi/bin/../arm-linux-gnueabi/libc --build-id --eh-frame-hdr -dynamic-linker /lib/ld-linux.so.3 -X -m armelf_linux_eabi -o cmTC_276ee /home/lucion/work/arm/tool_chain/gcc-linaro-4.9.4-2017.01-x86_64_arm-linux-gnueabi/bin/../arm-linux-gnueabi/libc/usr/lib/crt1.o /home/lucion/work/arm/tool_chain/gcc-linaro-4.9.4-2017.01-x86_64_arm-linux-gnueabi/bin/../arm-linux-gnueabi/libc/usr/lib/crti.o /home/lucion/work/arm/tool_chain/gcc-linaro-4.9.4-2017.01-x86_64_arm-linux-gnueabi/bin/../lib/gcc/arm-linux-gnueabi/4.9.4/crtbegin.o -L/home/lucion/work/arm/tool_chain/gcc-linaro-4.9.4-2017.01-x86_64_arm-linux-gnueabi/bin/../lib/gcc/arm-linux-gnueabi/4.9.4 -L/home/lucion/work/arm/tool_chain/gcc-linaro-4.9.4-2017.01-x86_64_arm-linux-gnueabi/bin/../lib/gcc/arm-linux-gnueabi -L/home/lucion/work/arm/tool_chain/gcc-linaro-4.9.4-2017.01-x86_64_arm-linux-gnueabi/bin/../lib/gcc -L/home/lucion/work/arm/tool_chain/gcc-linaro-4.9.4-2017.01-x86_64_arm-linux-gnueabi/bin/../lib/gcc/arm-linux-gnueabi/4.9.4/../../../../arm-linux-gnueabi/lib -L/home/lucion/work/arm/tool_chain/gcc-linaro-4.9.4-2017.01-x86_64_arm-linux-gnueabi/bin/../arm-linux-gnueabi/libc/lib -L/home/lucion/work/arm/tool_chain/gcc-linaro-4.9.4-2017.01-x86_64_arm-linux-gnueabi/bin/../arm-linux-gnueabi/libc/usr/lib CMakeFiles/cmTC_276ee.dir/CMakeCXXCompilerABI.cpp.o -lstdc++ -lm -lgcc_s -lgcc -lc -lgcc_s -lgcc /home/lucion/work/arm/tool_chain/gcc-linaro-4.9.4-2017.01-x86_64_arm-linux-gnueabi/bin/../lib/gcc/arm-linux-gnueabi/4.9.4/crtend.o /home/lucion/work/arm/tool_chain/gcc-linaro-4.9.4-2017.01-x86_64_arm-linux-gnueabi/bin/../arm-linux-gnueabi/libc/usr/lib/crtn.o]
    arg [/home/lucion/work/arm/tool_chain/gcc-linaro-4.9.4-2017.01-x86_64_arm-linux-gnueabi/bin/../libexec/gcc/arm-linux-gnueabi/4.9.4/collect2] ==> ignore
    arg [-plugin] ==> ignore
    arg [/home/lucion/work/arm/tool_chain/gcc-linaro-4.9.4-2017.01-x86_64_arm-linux-gnueabi/bin/../libexec/gcc/arm-linux-gnueabi/4.9.4/liblto_plugin.so] ==> ignore
    arg [-plugin-opt=/home/lucion/work/arm/tool_chain/gcc-linaro-4.9.4-2017.01-x86_64_arm-linux-gnueabi/bin/../libexec/gcc/arm-linux-gnueabi/4.9.4/lto-wrapper] ==> ignore
    arg [-plugin-opt=-fresolution=/tmp/cctYH0Zv.res] ==> ignore
    arg [-plugin-opt=-pass-through=-lgcc_s] ==> ignore
    arg [-plugin-opt=-pass-through=-lgcc] ==> ignore
    arg [-plugin-opt=-pass-through=-lc] ==> ignore
    arg [-plugin-opt=-pass-through=-lgcc_s] ==> ignore
    arg [-plugin-opt=-pass-through=-lgcc] ==> ignore
    arg [--sysroot=/home/lucion/work/arm/tool_chain/gcc-linaro-4.9.4-2017.01-x86_64_arm-linux-gnueabi/bin/../arm-linux-gnueabi/libc] ==> ignore
    arg [--build-id] ==> ignore
    arg [--eh-frame-hdr] ==> ignore
    arg [-dynamic-linker] ==> ignore
    arg [/lib/ld-linux.so.3] ==> ignore
    arg [-X] ==> ignore
    arg [-m] ==> ignore
    arg [armelf_linux_eabi] ==> ignore
    arg [-o] ==> ignore
    arg [cmTC_276ee] ==> ignore
    arg [/home/lucion/work/arm/tool_chain/gcc-linaro-4.9.4-2017.01-x86_64_arm-linux-gnueabi/bin/../arm-linux-gnueabi/libc/usr/lib/crt1.o] ==> obj [/home/lucion/work/arm/tool_chain/gcc-linaro-4.9.4-2017.01-x86_64_arm-linux-gnueabi/bin/../arm-linux-gnueabi/libc/usr/lib/crt1.o]
    arg [/home/lucion/work/arm/tool_chain/gcc-linaro-4.9.4-2017.01-x86_64_arm-linux-gnueabi/bin/../arm-linux-gnueabi/libc/usr/lib/crti.o] ==> obj [/home/lucion/work/arm/tool_chain/gcc-linaro-4.9.4-2017.01-x86_64_arm-linux-gnueabi/bin/../arm-linux-gnueabi/libc/usr/lib/crti.o]
    arg [/home/lucion/work/arm/tool_chain/gcc-linaro-4.9.4-2017.01-x86_64_arm-linux-gnueabi/bin/../lib/gcc/arm-linux-gnueabi/4.9.4/crtbegin.o] ==> obj [/home/lucion/work/arm/tool_chain/gcc-linaro-4.9.4-2017.01-x86_64_arm-linux-gnueabi/bin/../lib/gcc/arm-linux-gnueabi/4.9.4/crtbegin.o]
    arg [-L/home/lucion/work/arm/tool_chain/gcc-linaro-4.9.4-2017.01-x86_64_arm-linux-gnueabi/bin/../lib/gcc/arm-linux-gnueabi/4.9.4] ==> dir [/home/lucion/work/arm/tool_chain/gcc-linaro-4.9.4-2017.01-x86_64_arm-linux-gnueabi/bin/../lib/gcc/arm-linux-gnueabi/4.9.4]
    arg [-L/home/lucion/work/arm/tool_chain/gcc-linaro-4.9.4-2017.01-x86_64_arm-linux-gnueabi/bin/../lib/gcc/arm-linux-gnueabi] ==> dir [/home/lucion/work/arm/tool_chain/gcc-linaro-4.9.4-2017.01-x86_64_arm-linux-gnueabi/bin/../lib/gcc/arm-linux-gnueabi]
    arg [-L/home/lucion/work/arm/tool_chain/gcc-linaro-4.9.4-2017.01-x86_64_arm-linux-gnueabi/bin/../lib/gcc] ==> dir [/home/lucion/work/arm/tool_chain/gcc-linaro-4.9.4-2017.01-x86_64_arm-linux-gnueabi/bin/../lib/gcc]
    arg [-L/home/lucion/work/arm/tool_chain/gcc-linaro-4.9.4-2017.01-x86_64_arm-linux-gnueabi/bin/../lib/gcc/arm-linux-gnueabi/4.9.4/../../../../arm-linux-gnueabi/lib] ==> dir [/home/lucion/work/arm/tool_chain/gcc-linaro-4.9.4-2017.01-x86_64_arm-linux-gnueabi/bin/../lib/gcc/arm-linux-gnueabi/4.9.4/../../../../arm-linux-gnueabi/lib]
    arg [-L/home/lucion/work/arm/tool_chain/gcc-linaro-4.9.4-2017.01-x86_64_arm-linux-gnueabi/bin/../arm-linux-gnueabi/libc/lib] ==> dir [/home/lucion/work/arm/tool_chain/gcc-linaro-4.9.4-2017.01-x86_64_arm-linux-gnueabi/bin/../arm-linux-gnueabi/libc/lib]
    arg [-L/home/lucion/work/arm/tool_chain/gcc-linaro-4.9.4-2017.01-x86_64_arm-linux-gnueabi/bin/../arm-linux-gnueabi/libc/usr/lib] ==> dir [/home/lucion/work/arm/tool_chain/gcc-linaro-4.9.4-2017.01-x86_64_arm-linux-gnueabi/bin/../arm-linux-gnueabi/libc/usr/lib]
    arg [CMakeFiles/cmTC_276ee.dir/CMakeCXXCompilerABI.cpp.o] ==> ignore
    arg [-lstdc++] ==> lib [stdc++]
    arg [-lm] ==> lib [m]
    arg [-lgcc_s] ==> lib [gcc_s]
    arg [-lgcc] ==> lib [gcc]
    arg [-lc] ==> lib [c]
    arg [-lgcc_s] ==> lib [gcc_s]
    arg [-lgcc] ==> lib [gcc]
    arg [/home/lucion/work/arm/tool_chain/gcc-linaro-4.9.4-2017.01-x86_64_arm-linux-gnueabi/bin/../lib/gcc/arm-linux-gnueabi/4.9.4/crtend.o] ==> obj [/home/lucion/work/arm/tool_chain/gcc-linaro-4.9.4-2017.01-x86_64_arm-linux-gnueabi/bin/../lib/gcc/arm-linux-gnueabi/4.9.4/crtend.o]
    arg [/home/lucion/work/arm/tool_chain/gcc-linaro-4.9.4-2017.01-x86_64_arm-linux-gnueabi/bin/../arm-linux-gnueabi/libc/usr/lib/crtn.o] ==> obj [/home/lucion/work/arm/tool_chain/gcc-linaro-4.9.4-2017.01-x86_64_arm-linux-gnueabi/bin/../arm-linux-gnueabi/libc/usr/lib/crtn.o]
  collapse obj [/home/lucion/work/arm/tool_chain/gcc-linaro-4.9.4-2017.01-x86_64_arm-linux-gnueabi/bin/../arm-linux-gnueabi/libc/usr/lib/crt1.o] ==> [/home/lucion/work/arm/tool_chain/gcc-linaro-4.9.4-2017.01-x86_64_arm-linux-gnueabi/arm-linux-gnueabi/libc/usr/lib/crt1.o]
  collapse obj [/home/lucion/work/arm/tool_chain/gcc-linaro-4.9.4-2017.01-x86_64_arm-linux-gnueabi/bin/../arm-linux-gnueabi/libc/usr/lib/crti.o] ==> [/home/lucion/work/arm/tool_chain/gcc-linaro-4.9.4-2017.01-x86_64_arm-linux-gnueabi/arm-linux-gnueabi/libc/usr/lib/crti.o]
  collapse obj [/home/lucion/work/arm/tool_chain/gcc-linaro-4.9.4-2017.01-x86_64_arm-linux-gnueabi/bin/../lib/gcc/arm-linux-gnueabi/4.9.4/crtbegin.o] ==> [/home/lucion/work/arm/tool_chain/gcc-linaro-4.9.4-2017.01-x86_64_arm-linux-gnueabi/lib/gcc/arm-linux-gnueabi/4.9.4/crtbegin.o]
  collapse obj [/home/lucion/work/arm/tool_chain/gcc-linaro-4.9.4-2017.01-x86_64_arm-linux-gnueabi/bin/../lib/gcc/arm-linux-gnueabi/4.9.4/crtend.o] ==> [/home/lucion/work/arm/tool_chain/gcc-linaro-4.9.4-2017.01-x86_64_arm-linux-gnueabi/lib/gcc/arm-linux-gnueabi/4.9.4/crtend.o]
  collapse obj [/home/lucion/work/arm/tool_chain/gcc-linaro-4.9.4-2017.01-x86_64_arm-linux-gnueabi/bin/../arm-linux-gnueabi/libc/usr/lib/crtn.o] ==> [/home/lucion/work/arm/tool_chain/gcc-linaro-4.9.4-2017.01-x86_64_arm-linux-gnueabi/arm-linux-gnueabi/libc/usr/lib/crtn.o]
  collapse library dir [/home/lucion/work/arm/tool_chain/gcc-linaro-4.9.4-2017.01-x86_64_arm-linux-gnueabi/bin/../lib/gcc/arm-linux-gnueabi/4.9.4] ==> [/home/lucion/work/arm/tool_chain/gcc-linaro-4.9.4-2017.01-x86_64_arm-linux-gnueabi/lib/gcc/arm-linux-gnueabi/4.9.4]
  collapse library dir [/home/lucion/work/arm/tool_chain/gcc-linaro-4.9.4-2017.01-x86_64_arm-linux-gnueabi/bin/../lib/gcc/arm-linux-gnueabi] ==> [/home/lucion/work/arm/tool_chain/gcc-linaro-4.9.4-2017.01-x86_64_arm-linux-gnueabi/lib/gcc/arm-linux-gnueabi]
  collapse library dir [/home/lucion/work/arm/tool_chain/gcc-linaro-4.9.4-2017.01-x86_64_arm-linux-gnueabi/bin/../lib/gcc] ==> [/home/lucion/work/arm/tool_chain/gcc-linaro-4.9.4-2017.01-x86_64_arm-linux-gnueabi/lib/gcc]
  collapse library dir [/home/lucion/work/arm/tool_chain/gcc-linaro-4.9.4-2017.01-x86_64_arm-linux-gnueabi/bin/../lib/gcc/arm-linux-gnueabi/4.9.4/../../../../arm-linux-gnueabi/lib] ==> [/home/lucion/work/arm/tool_chain/gcc-linaro-4.9.4-2017.01-x86_64_arm-linux-gnueabi/arm-linux-gnueabi/lib]
  collapse library dir [/home/lucion/work/arm/tool_chain/gcc-linaro-4.9.4-2017.01-x86_64_arm-linux-gnueabi/bin/../arm-linux-gnueabi/libc/lib] ==> [/home/lucion/work/arm/tool_chain/gcc-linaro-4.9.4-2017.01-x86_64_arm-linux-gnueabi/arm-linux-gnueabi/libc/lib]
  collapse library dir [/home/lucion/work/arm/tool_chain/gcc-linaro-4.9.4-2017.01-x86_64_arm-linux-gnueabi/bin/../arm-linux-gnueabi/libc/usr/lib] ==> [/home/lucion/work/arm/tool_chain/gcc-linaro-4.9.4-2017.01-x86_64_arm-linux-gnueabi/arm-linux-gnueabi/libc/usr/lib]
  implicit libs: [stdc++;m;gcc_s;gcc;c;gcc_s;gcc]
  implicit objs: [/home/lucion/work/arm/tool_chain/gcc-linaro-4.9.4-2017.01-x86_64_arm-linux-gnueabi/arm-linux-gnueabi/libc/usr/lib/crt1.o;/home/lucion/work/arm/tool_chain/gcc-linaro-4.9.4-2017.01-x86_64_arm-linux-gnueabi/arm-linux-gnueabi/libc/usr/lib/crti.o;/home/lucion/work/arm/tool_chain/gcc-linaro-4.9.4-2017.01-x86_64_arm-linux-gnueabi/lib/gcc/arm-linux-gnueabi/4.9.4/crtbegin.o;/home/lucion/work/arm/tool_chain/gcc-linaro-4.9.4-2017.01-x86_64_arm-linux-gnueabi/lib/gcc/arm-linux-gnueabi/4.9.4/crtend.o;/home/lucion/work/arm/tool_chain/gcc-linaro-4.9.4-2017.01-x86_64_arm-linux-gnueabi/arm-linux-gnueabi/libc/usr/lib/crtn.o]
  implicit dirs: [/home/lucion/work/arm/tool_chain/gcc-linaro-4.9.4-2017.01-x86_64_arm-linux-gnueabi/lib/gcc/arm-linux-gnueabi/4.9.4;/home/lucion/work/arm/tool_chain/gcc-linaro-4.9.4-2017.01-x86_64_arm-linux-gnueabi/lib/gcc/arm-linux-gnueabi;/home/lucion/work/arm/tool_chain/gcc-linaro-4.9.4-2017.01-x86_64_arm-linux-gnueabi/lib/gcc;/home/lucion/work/arm/tool_chain/gcc-linaro-4.9.4-2017.01-x86_64_arm-linux-gnueabi/arm-linux-gnueabi/lib;/home/lucion/work/arm/tool_chain/gcc-linaro-4.9.4-2017.01-x86_64_arm-linux-gnueabi/arm-linux-gnueabi/libc/lib;/home/lucion/work/arm/tool_chain/gcc-linaro-4.9.4-2017.01-x86_64_arm-linux-gnueabi/arm-linux-gnueabi/libc/usr/lib]
  implicit fwks: []




Detecting CXX [-std=c++14] compiler features compiled with the following output:
Change Dir: /home/lucion/work/plugins/easecpm_ota/build/CMakeFiles/CMakeTmp

Run Build Command(s):/usr/bin/gmake -f Makefile cmTC_79cec/fast && /usr/bin/gmake  -f CMakeFiles/cmTC_79cec.dir/build.make CMakeFiles/cmTC_79cec.dir/build
gmake[1]: /home/lucion/work/plugins/easecpm_ota/build/CMakeFiles/CMakeTmp
/usr/bin/cmake: /usr/local/lib/libcurl.so.4: no version information available (required by /usr/bin/cmake)
Building CXX object CMakeFiles/cmTC_79cec.dir/feature_tests.cxx.o
/home/lucion/work/plugins/easecpm_ota/../tools/armv5l/arm-linux-gnueabi-g++   -std=c++14 -o CMakeFiles/cmTC_79cec.dir/feature_tests.cxx.o -c /home/lucion/work/plugins/easecpm_ota/build/CMakeFiles/feature_tests.cxx
/usr/bin/cmake: /usr/local/lib/libcurl.so.4: no version information available (required by /usr/bin/cmake)
Linking CXX executable cmTC_79cec
/usr/bin/cmake -E cmake_link_script CMakeFiles/cmTC_79cec.dir/link.txt --verbose=1
/usr/bin/cmake: /usr/local/lib/libcurl.so.4: no version information available (required by /usr/bin/cmake)
/home/lucion/work/plugins/easecpm_ota/../tools/armv5l/arm-linux-gnueabi-g++ CMakeFiles/cmTC_79cec.dir/feature_tests.cxx.o -o cmTC_79cec 
gmake[1]: /home/lucion/work/plugins/easecpm_ota/build/CMakeFiles/CMakeTmp



    Feature record: CXX_FEATURE:1cxx_template_template_parameters
    Feature record: CXX_FEATURE:1cxx_alias_templates
    Feature record: CXX_FEATURE:1cxx_alignas
    Feature record: CXX_FEATURE:1cxx_alignof
    Feature record: CXX_FEATURE:1cxx_attributes
    Feature record: CXX_FEATURE:1cxx_auto_type
    Feature record: CXX_FEATURE:1cxx_constexpr
    Feature record: CXX_FEATURE:1cxx_decltype
    Feature record: CXX_FEATURE:1cxx_decltype_incomplete_return_types
    Feature record: CXX_FEATURE:1cxx_default_function_template_args
    Feature record: CXX_FEATURE:1cxx_defaulted_functions
    Feature record: CXX_FEATURE:1cxx_defaulted_move_initializers
    Feature record: CXX_FEATURE:1cxx_delegating_constructors
    Feature record: CXX_FEATURE:1cxx_deleted_functions
    Feature record: CXX_FEATURE:1cxx_enum_forward_declarations
    Feature record: CXX_FEATURE:1cxx_explicit_conversions
    Feature record: CXX_FEATURE:1cxx_extended_friend_declarations
    Feature record: CXX_FEATURE:1cxx_extern_templates
    Feature record: CXX_FEATURE:1cxx_final
    Feature record: CXX_FEATURE:1cxx_func_identifier
    Feature record: CXX_FEATURE:1cxx_generalized_initializers
    Feature record: CXX_FEATURE:1cxx_inheriting_constructors
    Feature record: CXX_FEATURE:1cxx_inline_namespaces
    Feature record: CXX_FEATURE:1cxx_lambdas
    Feature record: CXX_FEATURE:1cxx_local_type_template_args
    Feature record: CXX_FEATURE:1cxx_long_long_type
    Feature record: CXX_FEATURE:1cxx_noexcept
    Feature record: CXX_FEATURE:1cxx_nonstatic_member_init
    Feature record: CXX_FEATURE:1cxx_nullptr
    Feature record: CXX_FEATURE:1cxx_override
    Feature record: CXX_FEATURE:1cxx_range_for
    Feature record: CXX_FEATURE:1cxx_raw_string_literals
    Feature record: CXX_FEATURE:1cxx_reference_qualified_functions
    Feature record: CXX_FEATURE:1cxx_right_angle_brackets
    Feature record: CXX_FEATURE:1cxx_rvalue_references
    Feature record: CXX_FEATURE:1cxx_sizeof_member
    Feature record: CXX_FEATURE:1cxx_static_assert
    Feature record: CXX_FEATURE:1cxx_strong_enums
    Feature record: CXX_FEATURE:1cxx_thread_local
    Feature record: CXX_FEATURE:1cxx_trailing_return_types
    Feature record: CXX_FEATURE:1cxx_unicode_literals
    Feature record: CXX_FEATURE:1cxx_uniform_initialization
    Feature record: CXX_FEATURE:1cxx_unrestricted_unions
    Feature record: CXX_FEATURE:1cxx_user_literals
    Feature record: CXX_FEATURE:1cxx_variadic_macros
    Feature record: CXX_FEATURE:1cxx_variadic_templates
    Feature record: CXX_FEATURE:0cxx_aggregate_default_initializers
    Feature record: CXX_FEATURE:1cxx_attribute_deprecated
    Feature record: CXX_FEATURE:1cxx_binary_literals
    Feature record: CXX_FEATURE:1cxx_contextual_conversions
    Feature record: CXX_FEATURE:1cxx_decltype_auto
    Feature record: CXX_FEATURE:1cxx_digit_separators
    Feature record: CXX_FEATURE:1cxx_generic_lambdas
    Feature record: CXX_FEATURE:1cxx_lambda_init_captures
    Feature record: CXX_FEATURE:0cxx_relaxed_constexpr
    Feature record: CXX_FEATURE:1cxx_return_type_deduction
    Feature record: CXX_FEATURE:0cxx_variable_templates
